sample.interval=20000
"[[.data.frame" "[[" "[.data.frame" "[" "LOOCV_fast" 
"NextMethod" "[.factor" "[" "[.data.frame" "[" "LOOCV_fast" 
"[.factor" "[" "[.data.frame" "[" "LOOCV_fast" 
"attr" "[.factor" "[" "[.data.frame" "[" "LOOCV_fast" 
"NextMethod" "[.factor" "[" "[.data.frame" "[" "LOOCV_fast" 
"%in%" "[[.data.frame" "[[" "[.data.frame" "[" "LOOCV_fast" 
"is.na<-" "as.matrix.data.frame" "as.matrix" "t.data.frame" "t" "as.vector" "LOOCV_fast" 
"match.arg" "table" "train" "NB_fast" "LOOCV_fast" 
"match" "factor" "table" "train" "NB_fast" "LOOCV_fast" 
"train" "NB_fast" "LOOCV_fast" 
"match" "factor" "table" "train" "NB_fast" "LOOCV_fast" 
"sum" "train" "NB_fast" "LOOCV_fast" 
"match" "factor" "table" "train" "NB_fast" "LOOCV_fast" 
"factor" "table" "train" "NB_fast" "LOOCV_fast" 
"table" "train" "NB_fast" "LOOCV_fast" 
"NextMethod" "[.factor" "[" "[.data.frame" "[" "LOOCV_fast" 
"NextMethod" "[.factor" "[" "[.data.frame" "[" "LOOCV_fast" 
"<Anonymous>" "[[.data.frame" "[[" "[.data.frame" "[" "LOOCV_fast" 
"[.factor" "[" "[.data.frame" "[" "LOOCV_fast" 
"NextMethod" "[.factor" "[" "[.data.frame" "[" "LOOCV_fast" 
"NextMethod" "[.factor" "[" "[.data.frame" "[" "LOOCV_fast" 
"NextMethod" "[.factor" "[" "[.data.frame" "[" "LOOCV_fast" 
"NextMethod" "[.factor" "[" "[.data.frame" "[" "LOOCV_fast" 
"NextMethod" "[.factor" "[" "[.data.frame" "[" "LOOCV_fast" 
"NextMethod" "[.factor" "[" "[.data.frame" "[" "LOOCV_fast" 
"[.factor" "[" "[.data.frame" "[" "LOOCV_fast" 
"sys.call" "match" "%in%" "[.data.frame" "[" "levels" "NB_fast" "LOOCV_fast" 
"as.character" "as.character" "factor" "table" "train" "NB_fast" "LOOCV_fast" 
"is.na" "table" "train" "NB_fast" "LOOCV_fast" 
"match" "factor" "table" "train" "NB_fast" "LOOCV_fast" 
"levels" "table" "train" "NB_fast" "LOOCV_fast" 
"NextMethod" "[.table" "[" "train" "NB_fast" "LOOCV_fast" 
"vapply" "list.names" "table" "train" "NB_fast" "LOOCV_fast" 
"[.table" "[" "train" "NB_fast" "LOOCV_fast" 
"dim" "dim" "[.table" "[" "train" "NB_fast" "LOOCV_fast" 
"names" "match" "%in%" "[[.data.frame" "[[" "[.data.frame" "[" "LOOCV_fast" 
"NextMethod" "[.factor" "[" "[.data.frame" "[" "LOOCV_fast" 
"NextMethod" "[.factor" "[" "[.data.frame" "[" "LOOCV_fast" 
"NextMethod" "[.factor" "[" "[.data.frame" "[" "LOOCV_fast" 
"[" "[.data.frame" "[" "LOOCV_fast" 
"as.vector" "as.vector" "as.matrix.data.frame" "as.matrix" "t.data.frame" "t" "as.vector" "LOOCV_fast" 
"levels" "NB_fast" "LOOCV_fast" 
"match" "factor" "table" "train" "NB_fast" "LOOCV_fast" 
"formals" "match.arg" "table" "train" "NB_fast" "LOOCV_fast" 
"names" "names" "[.data.frame" "[" "table" "train" "NB_fast" "LOOCV_fast" 
"integer" "table" "train" "NB_fast" "LOOCV_fast" 
"as.character.factor" "as.character" "as.character" "factor" "table" "train" "NB_fast" "LOOCV_fast" 
"factor" "table" "train" "NB_fast" "LOOCV_fast" 
"match" "factor" "table" "train" "NB_fast" "LOOCV_fast" 
"[.table" "[" "classify" "NB_fast" "LOOCV_fast" 
"NextMethod" "[.factor" "[" "[.data.frame" "[" "LOOCV_fast" 
"NextMethod" "[.factor" "[" "[.data.frame" "[" "LOOCV_fast" 
"NextMethod" "[.factor" "[" "[.data.frame" "[" "LOOCV_fast" 
"NextMethod" "[.factor" "[" "[.data.frame" "[" "LOOCV_fast" 
"NextMethod" "[.factor" "[" "[.data.frame" "[" "LOOCV_fast" 
"NextMethod" "[.factor" "[" "[.data.frame" "[" "LOOCV_fast" 
"as.matrix.data.frame" "as.matrix" "t.data.frame" "t" "as.vector" "LOOCV_fast" 
"factor" "table" "train" "NB_fast" "LOOCV_fast" 
"train" "NB_fast" "LOOCV_fast" 
"match" "factor" "table" "train" "NB_fast" "LOOCV_fast" 
"match" "factor" "table" "train" "NB_fast" "LOOCV_fast" 
"match" "factor" "table" "train" "NB_fast" "LOOCV_fast" 
"match" "factor" "table" "train" "NB_fast" "LOOCV_fast" 
"tabulate" "array" "table" "train" "NB_fast" "LOOCV_fast" 
"[" "table" "train" "NB_fast" "LOOCV_fast" 
"match" "factor" "table" "train" "NB_fast" "LOOCV_fast" 
"NextMethod" "[.table" "[" "train" "NB_fast" "LOOCV_fast" 
"table" "train" "NB_fast" "LOOCV_fast" 
"[" "train" "NB_fast" "LOOCV_fast" 
"[.table" "[" "classify" "NB_fast" "LOOCV_fast" 
"attr" "[.factor" "[" "[.data.frame" "[" "LOOCV_fast" 
"NextMethod" "[.factor" "[" "[.data.frame" "[" "LOOCV_fast" 
"NextMethod" "[.factor" "[" "[.data.frame" "[" "LOOCV_fast" 
"NextMethod" "[.factor" "[" "[.data.frame" "[" "LOOCV_fast" 
"match" "%in%" "[[.data.frame" "[[" "[.data.frame" "[" "LOOCV_fast" 
"levels" "NB_fast" "LOOCV_fast" 
"[.table" "[" "train" "NB_fast" "LOOCV_fast" 
"NextMethod" "[.table" "[" "train" "NB_fast" "LOOCV_fast" 
"eval" "match.arg" "table" "train" "NB_fast" "LOOCV_fast" 
"names" "names" "[.data.frame" "[" "table" "train" "NB_fast" "LOOCV_fast" 
"train" "NB_fast" "LOOCV_fast" 
"table" "train" "NB_fast" "LOOCV_fast" 
"names" "names" "[.data.frame" "[" "table" "train" "NB_fast" "LOOCV_fast" 
"classify" "NB_fast" "LOOCV_fast" 
"[.factor" "[" "[.data.frame" "[" "LOOCV_fast" 
"%in%" "[[.data.frame" "[[" "[.data.frame" "[" "LOOCV_fast" 
"NextMethod" "[.factor" "[" "[.data.frame" "[" "LOOCV_fast" 
"[[.data.frame" "[[" "[.data.frame" "[" "LOOCV_fast" 
"[" "[.data.frame" "[" "LOOCV_fast" 
"as.matrix.data.frame" "as.matrix" "t.data.frame" "t" "as.vector" "LOOCV_fast" 
"train" "NB_fast" "LOOCV_fast" 
"factor" "table" "train" "NB_fast" "LOOCV_fast" 
"levels" "table" "train" "NB_fast" "LOOCV_fast" 
"as.integer" "table" "train" "NB_fast" "LOOCV_fast" 
"vapply" "list.names" "table" "train" "NB_fast" "LOOCV_fast" 
"tabulate" "array" "table" "train" "NB_fast" "LOOCV_fast" 
"as.list" "list.names" "table" "train" "NB_fast" "LOOCV_fast" 
"%in%" "factor" "table" "train" "NB_fast" "LOOCV_fast" 
"match" "%in%" "[[.data.frame" "[[" "[.data.frame" "[" "LOOCV_fast" 
"<Anonymous>" "[[.data.frame" "[[" "[.data.frame" "[" "LOOCV_fast" 
"attr" "[.factor" "[" "[.data.frame" "[" "LOOCV_fast" 
"[[.data.frame" "[[" "[.data.frame" "[" "LOOCV_fast" 
"NextMethod" "[.factor" "[" "[.data.frame" "[" "LOOCV_fast" 
"[.factor" "[" "[.data.frame" "[" "LOOCV_fast" 
"is.na<-" "as.matrix.data.frame" "as.matrix" "t.data.frame" "t" "as.vector" "LOOCV_fast" 
"table" "train" "NB_fast" "LOOCV_fast" 
"match" "factor" "table" "train" "NB_fast" "LOOCV_fast" 
"table" "train" "NB_fast" "LOOCV_fast" 
"is.na" "table" "train" "NB_fast" "LOOCV_fast" 
"NextMethod" "[.table" "[" "train" "NB_fast" "LOOCV_fast" 
"table" "train" "NB_fast" "LOOCV_fast" 
"match" "factor" "table" "train" "NB_fast" "LOOCV_fast" 
"[.data.frame" "[" "table" "train" "NB_fast" "LOOCV_fast" 
"classify" "NB_fast" "LOOCV_fast" 
"NextMethod" "[.factor" "[" "[.data.frame" "[" "LOOCV_fast" 
"NextMethod" "[.factor" "[" "[.data.frame" "[" "LOOCV_fast" 
"[" "[.data.frame" "[" "LOOCV_fast" 
"<Anonymous>" "[[.data.frame" "[[" "[.data.frame" "[" "LOOCV_fast" 
"NextMethod" "[.factor" "[" "[.data.frame" "[" "LOOCV_fast" 
".subset2" "<Anonymous>" "[[.data.frame" "[[" "[.data.frame" "[" "LOOCV_fast" 
"%in%" "[.data.frame" "[" "levels" "NB_fast" "LOOCV_fast" 
"as.character.factor" "as.character" "as.character" "factor" "table" "train" "NB_fast" "LOOCV_fast" 
"table" "train" "NB_fast" "LOOCV_fast" 
"table" "train" "NB_fast" "LOOCV_fast" 
"table" "train" "NB_fast" "LOOCV_fast" 
"table" "train" "NB_fast" "LOOCV_fast" 
"table" "train" "NB_fast" "LOOCV_fast" 
"levels" "table" "train" "NB_fast" "LOOCV_fast" 
"as.character.factor" "as.character" "as.character" "factor" "table" "train" "NB_fast" "LOOCV_fast" 
"match" "factor" "table" "train" "NB_fast" "LOOCV_fast" 
"[" "train" "NB_fast" "LOOCV_fast" 
"any" "table" "train" "NB_fast" "LOOCV_fast" 
"table" "train" "NB_fast" "LOOCV_fast" 
"all" "[[.data.frame" "[[" "[.data.frame" "[" "LOOCV_fast" 
"[.factor" "[" "[.data.frame" "[" "LOOCV_fast" 
"NextMethod" "[.factor" "[" "[.data.frame" "[" "LOOCV_fast" 
"<Anonymous>" "[[.data.frame" "[[" "[.data.frame" "[" "LOOCV_fast" 
"%in%" "[[.data.frame" "[[" "[.data.frame" "[" "LOOCV_fast" 
"as.matrix.data.frame" "as.matrix" "t.data.frame" "t" "as.vector" "LOOCV_fast" 
"match" "%in%" "[.data.frame" "[" "levels" "NB_fast" "LOOCV_fast" 
"match.fun" "vapply" "list.names" "table" "train" "NB_fast" "LOOCV_fast" 
"levels" "table" "train" "NB_fast" "LOOCV_fast" 
"factor" "table" "train" "NB_fast" "LOOCV_fast" 
"[" "train" "NB_fast" "LOOCV_fast" 
"match" "factor" "table" "train" "NB_fast" "LOOCV_fast" 
"match" "factor" "table" "train" "NB_fast" "LOOCV_fast" 
"match" "factor" "table" "train" "NB_fast" "LOOCV_fast" 
"NextMethod" "[.factor" "[" "[.data.frame" "[" "LOOCV_fast" 
"[.factor" "[" "[.data.frame" "[" "LOOCV_fast" 
"NextMethod" "[.factor" "[" "[.data.frame" "[" "LOOCV_fast" 
"NextMethod" "[.factor" "[" "[.data.frame" "[" "LOOCV_fast" 
"NextMethod" "[.factor" "[" "[.data.frame" "[" "LOOCV_fast" 
"nargs" "[[.data.frame" "[[" "[.data.frame" "[" "LOOCV_fast" 
"levels.default" "levels" "NB_fast" "LOOCV_fast" 
"[.data.frame" "[" "table" "train" "NB_fast" "LOOCV_fast" 
"prod" "table" "train" "NB_fast" "LOOCV_fast" 
"table" "train" "NB_fast" "LOOCV_fast" 
"train" "NB_fast" "LOOCV_fast" 
"as.vector" "factor" "table" "train" "NB_fast" "LOOCV_fast" 
"factor" "table" "train" "NB_fast" "LOOCV_fast" 
"table" "train" "NB_fast" "LOOCV_fast" 
"classify" "NB_fast" "LOOCV_fast" 
"NextMethod" "[.factor" "[" "[.data.frame" "[" "LOOCV_fast" 
"NextMethod" "[.factor" "[" "[.data.frame" "[" "LOOCV_fast" 
"NextMethod" "[.factor" "[" "[.data.frame" "[" "LOOCV_fast" 
"NextMethod" "[.factor" "[" "[.data.frame" "[" "LOOCV_fast" 
"NextMethod" "[.factor" "[" "[.data.frame" "[" "LOOCV_fast" 
"names" "match" "%in%" "[[.data.frame" "[[" "[.data.frame" "[" "LOOCV_fast" 
"levels" "as.matrix.data.frame" "as.matrix" "t.data.frame" "t" "as.vector" "LOOCV_fast" 
"match" "%in%" "factor" "table" "train" "NB_fast" "LOOCV_fast" 
"sys.function" "formals" "match.arg" "table" "train" "NB_fast" "LOOCV_fast" 
"table" "train" "NB_fast" "LOOCV_fast" 
"factor" "table" "train" "NB_fast" "LOOCV_fast" 
"match" "factor" "table" "train" "NB_fast" "LOOCV_fast" 
"NextMethod" "[.table" "[" "train" "NB_fast" "LOOCV_fast" 
"levels" "table" "train" "NB_fast" "LOOCV_fast" 
"match" "%in%" "factor" "table" "train" "NB_fast" "LOOCV_fast" 
"NextMethod" "[.factor" "[" "[.data.frame" "[" "LOOCV_fast" 
"NextMethod" "[.factor" "[" "[.data.frame" "[" "LOOCV_fast" 
"%in%" "[[.data.frame" "[[" "[.data.frame" "[" "LOOCV_fast" 
"NextMethod" "[.factor" "[" "[.data.frame" "[" "LOOCV_fast" 
"NextMethod" "[.factor" "[" "[.data.frame" "[" "LOOCV_fast" 
"NextMethod" "[.factor" "[" "[.data.frame" "[" "LOOCV_fast" 
"NextMethod" "[.factor" "[" "[.data.frame" "[" "LOOCV_fast" 
"NextMethod" "[.factor" "[" "[.data.frame" "[" "LOOCV_fast" 
"NextMethod" "[.factor" "[" "[.data.frame" "[" "LOOCV_fast" 
"NextMethod" "[.factor" "[" "[.data.frame" "[" "LOOCV_fast" 
"[[.data.frame" "[[" "[.data.frame" "[" "LOOCV_fast" 
"match" "%in%" "NB_fast" "LOOCV_fast" 
"match" "factor" "table" "train" "NB_fast" "LOOCV_fast" 
"[" "train" "NB_fast" "LOOCV_fast" 
"NextMethod" "[.table" "[" "train" "NB_fast" "LOOCV_fast" 
"as.integer" "table" "train" "NB_fast" "LOOCV_fast" 
"train" "NB_fast" "LOOCV_fast" 
"table" "train" "NB_fast" "LOOCV_fast" 
"vapply" "list.names" "table" "train" "NB_fast" "LOOCV_fast" 
"NextMethod" "[.table" "[" "classify" "NB_fast" "LOOCV_fast" 
"[.data.frame" "[" "LOOCV_fast" 
"NextMethod" "[.factor" "[" "[.data.frame" "[" "LOOCV_fast" 
"NextMethod" "[.factor" "[" "[.data.frame" "[" "LOOCV_fast" 
"[" "[.data.frame" "[" "LOOCV_fast" 
"match" "%in%" "[[.data.frame" "[[" "[.data.frame" "[" "LOOCV_fast" 
".subset" "[.data.frame" "[" "NB_fast" "LOOCV_fast" 
"NextMethod" "[.table" "[" "train" "NB_fast" "LOOCV_fast" 
"table" "train" "NB_fast" "LOOCV_fast" 
"match" "factor" "table" "train" "NB_fast" "LOOCV_fast" 
"names" "names" "[.data.frame" "[" "table" "train" "NB_fast" "LOOCV_fast" 
"match" "factor" "table" "train" "NB_fast" "LOOCV_fast" 
"any" "factor" "table" "train" "NB_fast" "LOOCV_fast" 
"train" "NB_fast" "LOOCV_fast" 
"[" "train" "NB_fast" "LOOCV_fast" 
"[.factor" "[" "[.data.frame" "[" "LOOCV_fast" 
"NextMethod" "[.factor" "[" "[.data.frame" "[" "LOOCV_fast" 
"NextMethod" "[.factor" "[" "[.data.frame" "[" "LOOCV_fast" 
"NextMethod" "[.factor" "[" "[.data.frame" "[" "LOOCV_fast" 
"NextMethod" "[.factor" "[" "[.data.frame" "[" "LOOCV_fast" 
"NextMethod" "[.factor" "[" "[.data.frame" "[" "LOOCV_fast" 
"NextMethod" "[.factor" "[" "[.data.frame" "[" "LOOCV_fast" 
"NextMethod" "[.factor" "[" "[.data.frame" "[" "LOOCV_fast" 
"NextMethod" "[.factor" "[" "[.data.frame" "[" "LOOCV_fast" 
"NextMethod" "[.factor" "[" "[.data.frame" "[" "LOOCV_fast" 
"NextMethod" "[.factor" "[" "[.data.frame" "[" "LOOCV_fast" 
"as.matrix.data.frame" "as.matrix" "t.data.frame" "t" "as.vector" "LOOCV_fast" 
"match" "%in%" "factor" "table" "train" "NB_fast" "LOOCV_fast" 
"as.character" "factor" "table" "train" "NB_fast" "LOOCV_fast" 
"force" "factor" "table" "train" "NB_fast" "LOOCV_fast" 
"NextMethod" "[.table" "[" "train" "NB_fast" "LOOCV_fast" 
"/" "train" "NB_fast" "LOOCV_fast" 
"array" "table" "train" "NB_fast" "LOOCV_fast" 
"eval" "eval" "match.arg" "table" "train" "NB_fast" "LOOCV_fast" 
"dim" "[.table" "[" "train" "NB_fast" "LOOCV_fast" 
"<Anonymous>" "[[.data.frame" "[[" "[.data.frame" "[" "LOOCV_fast" 
"[.factor" "[" "[.data.frame" "[" "LOOCV_fast" 
"NextMethod" "[.factor" "[" "[.data.frame" "[" "LOOCV_fast" 
"NextMethod" "[.factor" "[" "[.data.frame" "[" "LOOCV_fast" 
"[.factor" "[" "[.data.frame" "[" "LOOCV_fast" 
"levels" "as.vector" "as.vector.factor" "as.vector" "as.vector" "as.matrix.data.frame" "as.matrix" "t.data.frame" "t" "as.vector" "LOOCV_fast" 
"match" "factor" "table" "train" "NB_fast" "LOOCV_fast" 
"table" "train" "NB_fast" "LOOCV_fast" 
"[.data.frame" "[" "table" "train" "NB_fast" "LOOCV_fast" 
"levels" "table" "train" "NB_fast" "LOOCV_fast" 
"train" "NB_fast" "LOOCV_fast" 
"as.character.factor" "as.character" "as.character" "factor" "table" "train" "NB_fast" "LOOCV_fast" 
"train" "NB_fast" "LOOCV_fast" 
"table" "train" "NB_fast" "LOOCV_fast" 
"NextMethod" "[.factor" "[" "[.data.frame" "[" "LOOCV_fast" 
"NextMethod" "[.factor" "[" "[.data.frame" "[" "LOOCV_fast" 
"NextMethod" "[.factor" "[" "[.data.frame" "[" "LOOCV_fast" 
"NextMethod" "[.factor" "[" "[.data.frame" "[" "LOOCV_fast" 
"NextMethod" "[.factor" "[" "[.data.frame" "[" "LOOCV_fast" 
"NextMethod" "[.factor" "[" "[.data.frame" "[" "LOOCV_fast" 
"<Anonymous>" "[[.data.frame" "[[" "[.data.frame" "[" "LOOCV_fast" 
"levels" "NB_fast" "LOOCV_fast" 
"as.integer" "table" "train" "NB_fast" "LOOCV_fast" 
"as.integer" "table" "train" "NB_fast" "LOOCV_fast" 
"as.integer" "table" "train" "NB_fast" "LOOCV_fast" 
"as.integer" "table" "train" "NB_fast" "LOOCV_fast" 
"NextMethod" "[.table" "[" "train" "NB_fast" "LOOCV_fast" 
"train" "NB_fast" "LOOCV_fast" 
"as.integer" "table" "train" "NB_fast" "LOOCV_fast" 
"table" "train" "NB_fast" "LOOCV_fast" 
"as.character.factor" "as.character" "as.character" "factor" "table" "train" "NB_fast" "LOOCV_fast" 
"[.data.frame" "[" "table" "train" "NB_fast" "LOOCV_fast" 
"as.character" "as.character" "factor" "table" "train" "NB_fast" "LOOCV_fast" 
"NextMethod" "[.table" "[" "train" "NB_fast" "LOOCV_fast" 
"NextMethod" "[.factor" "[" "[.data.frame" "[" "LOOCV_fast" 
"dim" "[.data.frame" "[" "LOOCV_fast" 
"NextMethod" "[.factor" "[" "[.data.frame" "[" "LOOCV_fast" 
"<Anonymous>" "[[.data.frame" "[[" "[.data.frame" "[" "LOOCV_fast" 
"NextMethod" "[.factor" "[" "[.data.frame" "[" "LOOCV_fast" 
"as.matrix.data.frame" "as.matrix" "t.data.frame" "t" "as.vector" "LOOCV_fast" 
"NB_fast" "LOOCV_fast" 
"table" "train" "NB_fast" "LOOCV_fast" 
"[" "train" "NB_fast" "LOOCV_fast" 
"factor" "table" "train" "NB_fast" "LOOCV_fast" 
"match" "factor" "table" "train" "NB_fast" "LOOCV_fast" 
"levels" "table" "train" "NB_fast" "LOOCV_fast" 
"table" "train" "NB_fast" "LOOCV_fast" 
"formals" "match.arg" "table" "train" "NB_fast" "LOOCV_fast" 
"[.table" "[" "classify" "NB_fast" "LOOCV_fast" 
"NextMethod" "[.factor" "[" "[.data.frame" "[" "LOOCV_fast" 
"NextMethod" "[.factor" "[" "[.data.frame" "[" "LOOCV_fast" 
"NextMethod" "[.factor" "[" "[.data.frame" "[" "LOOCV_fast" 
"NextMethod" "[.factor" "[" "[.data.frame" "[" "LOOCV_fast" 
"[" "[.data.frame" "[" "LOOCV_fast" 
"levels" "as.vector" "as.vector.factor" "as.vector" "as.vector" "as.matrix.data.frame" "as.matrix" "t.data.frame" "t" "as.vector" "LOOCV_fast" 
"factor" "table" "train" "NB_fast" "LOOCV_fast" 
"NextMethod" "[.table" "[" "train" "NB_fast" "LOOCV_fast" 
"c" "table" "train" "NB_fast" "LOOCV_fast" 
"levels.default" "levels" "table" "train" "NB_fast" "LOOCV_fast" 
"as.integer" "as.integer" "table" "train" "NB_fast" "LOOCV_fast" 
"[" "train" "NB_fast" "LOOCV_fast" 
"eval" "match.arg" "table" "train" "NB_fast" "LOOCV_fast" 
"match" "factor" "table" "train" "NB_fast" "LOOCV_fast" 
"[.factor" "[" "[.data.frame" "[" "LOOCV_fast" 
"[.factor" "[" "[.data.frame" "[" "LOOCV_fast" 
"NextMethod" "[.factor" "[" "[.data.frame" "[" "LOOCV_fast" 
"NextMethod" "[.factor" "[" "[.data.frame" "[" "LOOCV_fast" 
"NextMethod" "[.factor" "[" "[.data.frame" "[" "LOOCV_fast" 
"NextMethod" "[.factor" "[" "[.data.frame" "[" "LOOCV_fast" 
"<Anonymous>" "[[.data.frame" "[[" "[.data.frame" "[" "LOOCV_fast" 
"match" "%in%" "NB_fast" "LOOCV_fast" 
"match" "factor" "table" "train" "NB_fast" "LOOCV_fast" 
"levels" "table" "train" "NB_fast" "LOOCV_fast" 
"[" "train" "NB_fast" "LOOCV_fast" 
"levels" "table" "train" "NB_fast" "LOOCV_fast" 
"table" "train" "NB_fast" "LOOCV_fast" 
"match" "factor" "table" "train" "NB_fast" "LOOCV_fast" 
"levels" "table" "train" "NB_fast" "LOOCV_fast" 
"levels" "table" "train" "NB_fast" "LOOCV_fast" 
"[[" "[.data.frame" "[" "LOOCV_fast" 
"NextMethod" "[.factor" "[" "[.data.frame" "[" "LOOCV_fast" 
"sys.call" "match" "%in%" "[[.data.frame" "[[" "[.data.frame" "[" "LOOCV_fast" 
"[.factor" "[" "[.data.frame" "[" "LOOCV_fast" 
"NextMethod" "[.factor" "[" "[.data.frame" "[" "LOOCV_fast" 
"<Anonymous>" "[[.data.frame" "[[" "[.data.frame" "[" "LOOCV_fast" 
"is.na<-" "as.matrix.data.frame" "as.matrix" "t.data.frame" "t" "as.vector" "LOOCV_fast" 
"levels" "table" "train" "NB_fast" "LOOCV_fast" 
"as.character.factor" "as.character" "as.character" "factor" "table" "train" "NB_fast" "LOOCV_fast" 
"as.character.factor" "as.character" "as.character" "factor" "table" "train" "NB_fast" "LOOCV_fast" 
"as.character.factor" "as.character" "as.character" "factor" "table" "train" "NB_fast" "LOOCV_fast" 
"as.character.factor" "as.character" "as.character" "factor" "table" "train" "NB_fast" "LOOCV_fast" 
"as.character.factor" "as.character" "as.character" "factor" "table" "train" "NB_fast" "LOOCV_fast" 
"table" "train" "NB_fast" "LOOCV_fast" 
"levels" "table" "train" "NB_fast" "LOOCV_fast" 
"[.data.frame" "[" "table" "train" "NB_fast" "LOOCV_fast" 
"train" "NB_fast" "LOOCV_fast" 
"factor" "table" "train" "NB_fast" "LOOCV_fast" 
"formals" "match.arg" "table" "train" "NB_fast" "LOOCV_fast" 
"table" "train" "NB_fast" "LOOCV_fast" 
"dim" "dim" "[.table" "[" "classify" "NB_fast" "LOOCV_fast" 
"NextMethod" "[.factor" "[" "[.data.frame" "[" "LOOCV_fast" 
"<Anonymous>" "[[.data.frame" "[[" "[.data.frame" "[" "LOOCV_fast" 
"NextMethod" "[.factor" "[" "[.data.frame" "[" "LOOCV_fast" 
"[" "[.data.frame" "[" "LOOCV_fast" 
"[" "[.data.frame" "[" "LOOCV_fast" 
"match" "%in%" "[[.data.frame" "[[" "[.data.frame" "[" "LOOCV_fast" 
"as.vector.factor" "as.vector" "as.vector" "as.matrix.data.frame" "as.matrix" "t.data.frame" "t" "as.vector" "LOOCV_fast" 
"match" "%in%" "factor" "table" "train" "NB_fast" "LOOCV_fast" 
"is.factor" "table" "train" "NB_fast" "LOOCV_fast" 
"match" "factor" "table" "train" "NB_fast" "LOOCV_fast" 
"as.list" "list.names" "table" "train" "NB_fast" "LOOCV_fast" 
"train" "NB_fast" "LOOCV_fast" 
"train" "NB_fast" "LOOCV_fast" 
"train" "NB_fast" "LOOCV_fast" 
"train" "NB_fast" "LOOCV_fast" 
"as.list" "list.names" "table" "train" "NB_fast" "LOOCV_fast" 
"NextMethod" "[.table" "[" "train" "NB_fast" "LOOCV_fast" 
"[<-" "train" "NB_fast" "LOOCV_fast" 
"is.factor" "table" "train" "NB_fast" "LOOCV_fast" 
"NextMethod" "[.factor" "[" "[.data.frame" "[" "LOOCV_fast" 
"[[" "[.data.frame" "[" "LOOCV_fast" 
"NextMethod" "[.factor" "[" "[.data.frame" "[" "LOOCV_fast" 
"dim" "dim" "[.data.frame" "[" "LOOCV_fast" 
"[.factor" "[" "[.data.frame" "[" "LOOCV_fast" 
"NextMethod" "[.factor" "[" "[.data.frame" "[" "LOOCV_fast" 
"dim" "as.matrix.data.frame" "as.matrix" "t.data.frame" "t" "as.vector" "LOOCV_fast" 
"table" "train" "NB_fast" "LOOCV_fast" 
"match" "%in%" "[.data.frame" "[" "table" "train" "NB_fast" "LOOCV_fast" 
"NextMethod" "[.table" "[" "train" "NB_fast" "LOOCV_fast" 
"%in%" "factor" "table" "train" "NB_fast" "LOOCV_fast" 
"names" "match" "%in%" "[.data.frame" "[" "table" "train" "NB_fast" "LOOCV_fast" 
"table" "train" "NB_fast" "LOOCV_fast" 
"[.table" "[" "train" "NB_fast" "LOOCV_fast" 
"NextMethod" "[.table" "[" "train" "NB_fast" "LOOCV_fast" 
"table" "train" "NB_fast" "LOOCV_fast" 
"[" "classify" "NB_fast" "LOOCV_fast" 
"[.factor" "[" "[.data.frame" "[" "LOOCV_fast" 
"NextMethod" "[.factor" "[" "[.data.frame" "[" "LOOCV_fast" 
"[" "[.data.frame" "[" "LOOCV_fast" 
"[" "[.data.frame" "[" "LOOCV_fast" 
"dim" "dim" "[.data.frame" "[" "LOOCV_fast" 
"NextMethod" "[.factor" "[" "[.data.frame" "[" "LOOCV_fast" 
"levels.default" "levels" "as.vector" "as.vector.factor" "as.vector" "as.vector" "as.matrix.data.frame" "as.matrix" "t.data.frame" "t" "as.vector" "LOOCV_fast" 
"levels" "table" "train" "NB_fast" "LOOCV_fast" 
"[.table" "[" "train" "NB_fast" "LOOCV_fast" 
"is.factor" "table" "train" "NB_fast" "LOOCV_fast" 
"[<-" "train" "NB_fast" "LOOCV_fast" 
"match.arg" "table" "train" "NB_fast" "LOOCV_fast" 
"as.integer" "as.integer" "table" "train" "NB_fast" "LOOCV_fast" 
"levels" "table" "train" "NB_fast" "LOOCV_fast" 
"names" "names" "[.data.frame" "[" "table" "train" "NB_fast" "LOOCV_fast" 
"table" "train" "NB_fast" "LOOCV_fast" 
"NextMethod" "[.factor" "[" "[.data.frame" "[" "LOOCV_fast" 
"NextMethod" "[.factor" "[" "[.data.frame" "[" "LOOCV_fast" 
"<Anonymous>" "[[.data.frame" "[[" "[.data.frame" "[" "LOOCV_fast" 
"sys.call" "match" "%in%" "[[.data.frame" "[[" "[.data.frame" "[" "LOOCV_fast" 
"NextMethod" "[.factor" "[" "[.data.frame" "[" "LOOCV_fast" 
"NextMethod" "[.factor" "[" "[.data.frame" "[" "LOOCV_fast" 
"NextMethod" "[.factor" "[" "[.data.frame" "[" "LOOCV_fast" 
"NextMethod" "[.factor" "[" "[.data.frame" "[" "LOOCV_fast" 
"levels.default" "levels" "as.matrix.data.frame" "as.matrix" "t.data.frame" "t" "as.vector" "LOOCV_fast" 
".subset" "[.data.frame" "[" "ncol" "vector" "train" "NB_fast" "LOOCV_fast" 
"as.integer" "table" "train" "NB_fast" "LOOCV_fast" 
"match" "factor" "table" "train" "NB_fast" "LOOCV_fast" 
"table" "train" "NB_fast" "LOOCV_fast" 
"match.arg" "table" "train" "NB_fast" "LOOCV_fast" 
"table" "train" "NB_fast" "LOOCV_fast" 
"formals" "match.arg" "table" "train" "NB_fast" "LOOCV_fast" 
"as.character.factor" "as.character" "as.character" "factor" "table" "train" "NB_fast" "LOOCV_fast" 
"match" "factor" "table" "train" "NB_fast" "LOOCV_fast" 
"[.data.frame" "[" "table" "train" "NB_fast" "LOOCV_fast" 
"NextMethod" "[.table" "[" "classify" "NB_fast" "LOOCV_fast" 
"NextMethod" "[.factor" "[" "[.data.frame" "[" "LOOCV_fast" 
"NextMethod" "[.factor" "[" "[.data.frame" "[" "LOOCV_fast" 
"dim" "dim" "[.data.frame" "[" "LOOCV_fast" 
"[[.data.frame" "[[" "[.data.frame" "[" "LOOCV_fast" 
"NextMethod" "[.factor" "[" "[.data.frame" "[" "LOOCV_fast" 
"[.data.frame" "[" "LOOCV_fast" 
"[[.data.frame" "[[" "[.data.frame" "[" "LOOCV_fast" 
"[.data.frame" "[" "levels" "NB_fast" "LOOCV_fast" 
"as.character.factor" "as.character" "as.character" "factor" "table" "train" "NB_fast" "LOOCV_fast" 
"as.character.factor" "as.character" "as.character" "factor" "table" "train" "NB_fast" "LOOCV_fast" 
"as.character.factor" "as.character" "as.character" "factor" "table" "train" "NB_fast" "LOOCV_fast" 
"as.character.factor" "as.character" "as.character" "factor" "table" "train" "NB_fast" "LOOCV_fast" 
"as.character.factor" "as.character" "as.character" "factor" "table" "train" "NB_fast" "LOOCV_fast" 
"as.character.factor" "as.character" "as.character" "factor" "table" "train" "NB_fast" "LOOCV_fast" 
"as.character.factor" "as.character" "as.character" "factor" "table" "train" "NB_fast" "LOOCV_fast" 
"as.integer" "as.integer" "table" "train" "NB_fast" "LOOCV_fast" 
"[" "train" "NB_fast" "LOOCV_fast" 
"levels.default" "levels" "table" "train" "NB_fast" "LOOCV_fast" 
"match" "factor" "table" "train" "NB_fast" "LOOCV_fast" 
"NextMethod" "[.table" "[" "train" "NB_fast" "LOOCV_fast" 
"as.list" "list.names" "table" "train" "NB_fast" "LOOCV_fast" 
"match" "factor" "table" "train" "NB_fast" "LOOCV_fast" 
"NextMethod" "[.table" "[" "classify" "NB_fast" "LOOCV_fast" 
"NextMethod" "[.factor" "[" "[.data.frame" "[" "LOOCV_fast" 
"NextMethod" "[.factor" "[" "[.data.frame" "[" "LOOCV_fast" 
"[" "[.data.frame" "[" "LOOCV_fast" 
"match" "%in%" "[[.data.frame" "[[" "[.data.frame" "[" "LOOCV_fast" 
"NextMethod" "[.factor" "[" "[.data.frame" "[" "LOOCV_fast" 
"levels" "as.matrix.data.frame" "as.matrix" "t.data.frame" "t" "as.vector" "LOOCV_fast" 
"NB_fast" "LOOCV_fast" 
"match" "factor" "table" "train" "NB_fast" "LOOCV_fast" 
"table" "train" "NB_fast" "LOOCV_fast" 
"match" "factor" "table" "train" "NB_fast" "LOOCV_fast" 
"dim" "dim" "[.table" "[" "train" "NB_fast" "LOOCV_fast" 
"names" "names" "[.data.frame" "[" "table" "train" "NB_fast" "LOOCV_fast" 
"levels" "table" "train" "NB_fast" "LOOCV_fast" 
"factor" "table" "train" "NB_fast" "LOOCV_fast" 
"NextMethod" "[.table" "[" "classify" "NB_fast" "LOOCV_fast" 
"NextMethod" "[.factor" "[" "[.data.frame" "[" "LOOCV_fast" 
"match" "%in%" "[[.data.frame" "[[" "[.data.frame" "[" "LOOCV_fast" 
"NextMethod" "[.factor" "[" "[.data.frame" "[" "LOOCV_fast" 
"NextMethod" "[.factor" "[" "[.data.frame" "[" "LOOCV_fast" 
"NextMethod" "[.factor" "[" "[.data.frame" "[" "LOOCV_fast" 
"as.vector" "as.vector.factor" "as.vector" "as.vector" "as.matrix.data.frame" "as.matrix" "t.data.frame" "t" "as.vector" "LOOCV_fast" 
"as.list" "list.names" "table" "train" "NB_fast" "LOOCV_fast" 
"table" "train" "NB_fast" "LOOCV_fast" 
"attr" "levels.default" "levels" "table" "train" "NB_fast" "LOOCV_fast" 
"[.data.frame" "[" "table" "train" "NB_fast" "LOOCV_fast" 
"attr" "levels.default" "levels" "table" "train" "NB_fast" "LOOCV_fast" 
"dim" "dim" "[.table" "[" "train" "NB_fast" "LOOCV_fast" 
"names" "names" "factor" "table" "train" "NB_fast" "LOOCV_fast" 
"list.names" "table" "train" "NB_fast" "LOOCV_fast" 
"classify" "NB_fast" "LOOCV_fast" 
"NextMethod" "[.factor" "[" "[.data.frame" "[" "LOOCV_fast" 
"NextMethod" "[.factor" "[" "[.data.frame" "[" "LOOCV_fast" 
"NextMethod" "[.factor" "[" "[.data.frame" "[" "LOOCV_fast" 
"NextMethod" "[.factor" "[" "[.data.frame" "[" "LOOCV_fast" 
"NextMethod" "[.factor" "[" "[.data.frame" "[" "LOOCV_fast" 
"NextMethod" "[.factor" "[" "[.data.frame" "[" "LOOCV_fast" 
"levels" "as.matrix.data.frame" "as.matrix" "t.data.frame" "t" "as.vector" "LOOCV_fast" 
"table" "train" "NB_fast" "LOOCV_fast" 
"levels" "table" "train" "NB_fast" "LOOCV_fast" 
"NextMethod" "[.table" "[" "train" "NB_fast" "LOOCV_fast" 
"[.table" "[" "train" "NB_fast" "LOOCV_fast" 
"match" "factor" "table" "train" "NB_fast" "LOOCV_fast" 
"as.vector" "factor" "table" "train" "NB_fast" "LOOCV_fast" 
"match" "factor" "table" "train" "NB_fast" "LOOCV_fast" 
"length" "length" "table" "train" "NB_fast" "LOOCV_fast" 
"[" "classify" "NB_fast" "LOOCV_fast" 
"NextMethod" "[.factor" "[" "[.data.frame" "[" "LOOCV_fast" 
"[.data.frame" "[" "LOOCV_fast" 
".subset2" "<Anonymous>" "[[.data.frame" "[[" "[.data.frame" "[" "LOOCV_fast" 
"NextMethod" "[.factor" "[" "[.data.frame" "[" "LOOCV_fast" 
"NextMethod" "[.factor" "[" "[.data.frame" "[" "LOOCV_fast" 
"<Anonymous>" "[[.data.frame" "[[" "[.data.frame" "[" "LOOCV_fast" 
"names" "names" "[.data.frame" "[" "levels" "NB_fast" "LOOCV_fast" 
"factor" "table" "train" "NB_fast" "LOOCV_fast" 
"factor" "table" "train" "NB_fast" "LOOCV_fast" 
"factor" "table" "train" "NB_fast" "LOOCV_fast" 
"factor" "table" "train" "NB_fast" "LOOCV_fast" 
"factor" "table" "train" "NB_fast" "LOOCV_fast" 
"match" "%in%" "factor" "table" "train" "NB_fast" "LOOCV_fast" 
"levels" "table" "train" "NB_fast" "LOOCV_fast" 
"match" "factor" "table" "train" "NB_fast" "LOOCV_fast" 
"dim" "dim" "[.table" "[" "train" "NB_fast" "LOOCV_fast" 
"match" "factor" "table" "train" "NB_fast" "LOOCV_fast" 
"[" "train" "NB_fast" "LOOCV_fast" 
"NextMethod" "[.table" "[" "classify" "NB_fast" "LOOCV_fast" 
"match" "%in%" "[[.data.frame" "[[" "[.data.frame" "[" "LOOCV_fast" 
"<Anonymous>" "[[.data.frame" "[[" "[.data.frame" "[" "LOOCV_fast" 
"NextMethod" "[.factor" "[" "[.data.frame" "[" "LOOCV_fast" 
"NextMethod" "[.factor" "[" "[.data.frame" "[" "LOOCV_fast" 
"[.data.frame" "[" "LOOCV_fast" 
"levels.default" "levels" "as.matrix.data.frame" "as.matrix" "t.data.frame" "t" "as.vector" "LOOCV_fast" 
"match" "factor" "table" "train" "NB_fast" "LOOCV_fast" 
"[.table" "[" "train" "NB_fast" "LOOCV_fast" 
"match" "factor" "table" "train" "NB_fast" "LOOCV_fast" 
"factor" "table" "train" "NB_fast" "LOOCV_fast" 
"train" "NB_fast" "LOOCV_fast" 
"match" "%in%" "[.data.frame" "[" "table" "train" "NB_fast" "LOOCV_fast" 
"table" "train" "NB_fast" "LOOCV_fast" 
"[.table" "[" "classify" "NB_fast" "LOOCV_fast" 
"NextMethod" "[.factor" "[" "[.data.frame" "[" "LOOCV_fast" 
