sample.interval=20000
"load" "eval" "eval" "withVisible" "source" 
"load" "eval" "eval" "withVisible" "source" 
"mode" "match" "%in%" "deparse" "mode" "source" 
"mode" "match" "%in%" "deparse" "mode" "source" 
"stopifnot" "TextDocumentMeta" "PlainTextDocument" "readerControl$reader" "<Anonymous>" "mapply" "Corpus" "eval" "eval" "withVisible" "source" 
"unique.default" "unique" "PlainTextDocument" "readerControl$reader" "<Anonymous>" "mapply" "Corpus" "eval" "eval" "withVisible" "source" 
"PlainTextDocument" "readerControl$reader" "<Anonymous>" "mapply" "Corpus" "eval" "eval" "withVisible" "source" 
"TextDocumentMeta" "PlainTextDocument" "readerControl$reader" "<Anonymous>" "mapply" "Corpus" "eval" "eval" "withVisible" "source" 
"$" "content.PlainTextDocument" "content" "FUN" "FUN" "lapply" "mclapply" "tm_map.VCorpus" "tm_map" "eval" "eval" "withVisible" "source" 
"content<-" "removeNumbers.PlainTextDocument" "FUN" "lapply" "mclapply" "tm_map.VCorpus" "tm_map" "eval" "eval" "withVisible" "source" 
"content<-" "removeWords.PlainTextDocument" "FUN" "lapply" "mclapply" "tm_map.VCorpus" "tm_map" "eval" "eval" "withVisible" "source" 
"sort.int" "sort.default" "sort" "paste" "sprintf" "gsub" "FUN" "removeWords.PlainTextDocument" "FUN" "lapply" "mclapply" "tm_map.VCorpus" "tm_map" "eval" "eval" "withVisible" "source" 
"paste" "sprintf" "gsub" "FUN" "removeWords.PlainTextDocument" "FUN" "lapply" "mclapply" "tm_map.VCorpus" "tm_map" "eval" "eval" "withVisible" "source" 
"sort.int" "sort.default" "sort" "paste" "sprintf" "gsub" "FUN" "removeWords.PlainTextDocument" "FUN" "lapply" "mclapply" "tm_map.VCorpus" "tm_map" "eval" "eval" "withVisible" "source" 
"sort.int" "sort.default" "sort" "paste" "sprintf" "gsub" "FUN" "removeWords.PlainTextDocument" "FUN" "lapply" "mclapply" "tm_map.VCorpus" "tm_map" "eval" "eval" "withVisible" "source" 
"gsub" "FUN" "removeWords.PlainTextDocument" "FUN" "lapply" "mclapply" "tm_map.VCorpus" "tm_map" "eval" "eval" "withVisible" "source" 
"paste" "sprintf" "gsub" "FUN" "removeWords.PlainTextDocument" "FUN" "lapply" "mclapply" "tm_map.VCorpus" "tm_map" "eval" "eval" "withVisible" "source" 
"gsub" "FUN" "removeWords.PlainTextDocument" "FUN" "lapply" "mclapply" "tm_map.VCorpus" "tm_map" "eval" "eval" "withVisible" "source" 
"sort.int" "sort.default" "sort" "paste" "sprintf" "gsub" "FUN" "removeWords.PlainTextDocument" "FUN" "lapply" "mclapply" "tm_map.VCorpus" "tm_map" "eval" "eval" "withVisible" "source" 
"sort" "paste" "sprintf" "gsub" "FUN" "removeWords.PlainTextDocument" "FUN" "lapply" "mclapply" "tm_map.VCorpus" "tm_map" "eval" "eval" "withVisible" "source" 
"gsub" "FUN" "removeWords.PlainTextDocument" "FUN" "lapply" "mclapply" "tm_map.VCorpus" "tm_map" "eval" "eval" "withVisible" "source" 
"sort.int" "sort.default" "sort" "paste" "sprintf" "gsub" "FUN" "removeWords.PlainTextDocument" "FUN" "lapply" "mclapply" "tm_map.VCorpus" "tm_map" "eval" "eval" "withVisible" "source" 
"sort.int" "sort.default" "sort" "paste" "sprintf" "gsub" "FUN" "removeWords.PlainTextDocument" "FUN" "lapply" "mclapply" "tm_map.VCorpus" "tm_map" "eval" "eval" "withVisible" "source" 
"gsub" "FUN" "removeWords.PlainTextDocument" "FUN" "lapply" "mclapply" "tm_map.VCorpus" "tm_map" "eval" "eval" "withVisible" "source" 
"sort.int" "sort.default" "sort" "paste" "sprintf" "gsub" "FUN" "removeWords.PlainTextDocument" "FUN" "lapply" "mclapply" "tm_map.VCorpus" "tm_map" "eval" "eval" "withVisible" "source" 
"gsub" "FUN" "removeWords.PlainTextDocument" "FUN" "lapply" "mclapply" "tm_map.VCorpus" "tm_map" "eval" "eval" "withVisible" "source" 
"sort.int" "sort.default" "sort" "paste" "sprintf" "gsub" "FUN" "removeWords.PlainTextDocument" "FUN" "lapply" "mclapply" "tm_map.VCorpus" "tm_map" "eval" "eval" "withVisible" "source" 
"sort.int" "sort.default" "sort" "paste" "sprintf" "gsub" "FUN" "removeWords.PlainTextDocument" "FUN" "lapply" "mclapply" "tm_map.VCorpus" "tm_map" "eval" "eval" "withVisible" "source" 
"sort.int" "sort.default" "sort" "paste" "sprintf" "gsub" "FUN" "removeWords.PlainTextDocument" "FUN" "lapply" "mclapply" "tm_map.VCorpus" "tm_map" "eval" "eval" "withVisible" "source" 
"sort.int" "sort.default" "sort" "paste" "sprintf" "gsub" "FUN" "removeWords.PlainTextDocument" "FUN" "lapply" "mclapply" "tm_map.VCorpus" "tm_map" "eval" "eval" "withVisible" "source" 
"gsub" "FUN" "removeWords.PlainTextDocument" "FUN" "lapply" "mclapply" "tm_map.VCorpus" "tm_map" "eval" "eval" "withVisible" "source" 
"sort.int" "sort.default" "sort" "paste" "sprintf" "gsub" "FUN" "removeWords.PlainTextDocument" "FUN" "lapply" "mclapply" "tm_map.VCorpus" "tm_map" "eval" "eval" "withVisible" "source" 
"gsub" "FUN" "removeWords.PlainTextDocument" "FUN" "lapply" "mclapply" "tm_map.VCorpus" "tm_map" "eval" "eval" "withVisible" "source" 
"gsub" "FUN" "removeWords.PlainTextDocument" "FUN" "lapply" "mclapply" "tm_map.VCorpus" "tm_map" "eval" "eval" "withVisible" "source" 
"gsub" "FUN" "removeWords.PlainTextDocument" "FUN" "lapply" "mclapply" "tm_map.VCorpus" "tm_map" "eval" "eval" "withVisible" "source" 
"paste" "sprintf" "gsub" "FUN" "removeWords.PlainTextDocument" "FUN" "lapply" "mclapply" "tm_map.VCorpus" "tm_map" "eval" "eval" "withVisible" "source" 
"sort.int" "sort.default" "sort" "paste" "sprintf" "gsub" "FUN" "removeWords.PlainTextDocument" "FUN" "lapply" "mclapply" "tm_map.VCorpus" "tm_map" "eval" "eval" "withVisible" "source" 
"gsub" "FUN" "removeWords.PlainTextDocument" "FUN" "lapply" "mclapply" "tm_map.VCorpus" "tm_map" "eval" "eval" "withVisible" "source" 
"gsub" "FUN" "removeWords.PlainTextDocument" "FUN" "lapply" "mclapply" "tm_map.VCorpus" "tm_map" "eval" "eval" "withVisible" "source" 
"sort.int" "sort.default" "sort" "paste" "sprintf" "gsub" "FUN" "removeWords.PlainTextDocument" "FUN" "lapply" "mclapply" "tm_map.VCorpus" "tm_map" "eval" "eval" "withVisible" "source" 
"sort.int" "sort.default" "sort" "paste" "sprintf" "gsub" "FUN" "removeWords.PlainTextDocument" "FUN" "lapply" "mclapply" "tm_map.VCorpus" "tm_map" "eval" "eval" "withVisible" "source" 
"gsub" "FUN" "removeWords.PlainTextDocument" "FUN" "lapply" "mclapply" "tm_map.VCorpus" "tm_map" "eval" "eval" "withVisible" "source" 
"sprintf" "gsub" "FUN" "removeWords.PlainTextDocument" "FUN" "lapply" "mclapply" "tm_map.VCorpus" "tm_map" "eval" "eval" "withVisible" "source" 
"gsub" "FUN" "removeWords.PlainTextDocument" "FUN" "lapply" "mclapply" "tm_map.VCorpus" "tm_map" "eval" "eval" "withVisible" "source" 
"sort" "paste" "sprintf" "gsub" "FUN" "removeWords.PlainTextDocument" "FUN" "lapply" "mclapply" "tm_map.VCorpus" "tm_map" "eval" "eval" "withVisible" "source" 
"as.character" "gsub" "FUN" "removePunctuation.PlainTextDocument" "FUN" "lapply" "mclapply" "tm_map.VCorpus" "tm_map" "eval" "eval" "withVisible" "source" 
"gsub" "FUN" "removePunctuation.PlainTextDocument" "FUN" "lapply" "mclapply" "tm_map.VCorpus" "tm_map" "eval" "eval" "withVisible" "source" 
"gsub" "FUN" "stripWhitespace.PlainTextDocument" "FUN" "lapply" "mclapply" "tm_map.VCorpus" "tm_map" "eval" "eval" "withVisible" "source" 
"eval" "match.arg" "sort.list" "factor" "table" "FUN" "lapply" "mclapply" "TermDocumentMatrix.VCorpus" "TermDocumentMatrix" "eval" "eval" "withVisible" "source" 
"nchar" "FUN" "lapply" "mclapply" "TermDocumentMatrix.VCorpus" "TermDocumentMatrix" "eval" "eval" "withVisible" "source" 
"dim" "dim" "[.table" "[" "FUN" "lapply" "mclapply" "TermDocumentMatrix.VCorpus" "TermDocumentMatrix" "eval" "eval" "withVisible" "source" 
"sys.call" "match.call" "stopifnot" "FUN" "lapply" "mclapply" "TermDocumentMatrix.VCorpus" "TermDocumentMatrix" "eval" "eval" "withVisible" "source" 
"close" "scan" "scan_tokenizer" "words.PlainTextDocument" ".tokenize" "FUN" "lapply" "mclapply" "TermDocumentMatrix.VCorpus" "TermDocumentMatrix" "eval" "eval" "withVisible" "source" 
"tabulate" "array" "table" "FUN" "lapply" "mclapply" "TermDocumentMatrix.VCorpus" "TermDocumentMatrix" "eval" "eval" "withVisible" "source" 
"is.factor" "unique.default" "unique" "setdiff" "sprintf" "FUN" "lapply" "mclapply" "TermDocumentMatrix.VCorpus" "TermDocumentMatrix" "eval" "eval" "withVisible" "source" 
"length" "table" "FUN" "lapply" "mclapply" "TermDocumentMatrix.VCorpus" "TermDocumentMatrix" "eval" "eval" "withVisible" "source" 
"unique" "factor" "table" "FUN" "lapply" "mclapply" "TermDocumentMatrix.VCorpus" "TermDocumentMatrix" "eval" "eval" "withVisible" "source" 
"is.function" "match.fun" "vapply" "list.names" "table" "FUN" "lapply" "mclapply" "TermDocumentMatrix.VCorpus" "TermDocumentMatrix" "eval" "eval" "withVisible" "source" 
"formals" "match.arg" "table" "FUN" "lapply" "mclapply" "TermDocumentMatrix.VCorpus" "TermDocumentMatrix" "eval" "eval" "withVisible" "source" 
"sort.list" "factor" "table" "FUN" "lapply" "mclapply" "TermDocumentMatrix.VCorpus" "TermDocumentMatrix" "eval" "eval" "withVisible" "source" 
"sys.function" "match.call" "stopifnot" "FUN" "lapply" "mclapply" "TermDocumentMatrix.VCorpus" "TermDocumentMatrix" "eval" "eval" "withVisible" "source" 
"FUN" "lapply" "mclapply" "TermDocumentMatrix.VCorpus" "TermDocumentMatrix" "eval" "eval" "withVisible" "source" 
"sort.int" "sort.default" "sort" "TermDocumentMatrix.VCorpus" "TermDocumentMatrix" "eval" "eval" "withVisible" "source" 
"sort.int" "sort.default" "sort" "TermDocumentMatrix.VCorpus" "TermDocumentMatrix" "eval" "eval" "withVisible" "source" 
"vector" "matrix" "as.matrix.simple_triplet_matrix" "as.matrix" "eval" "eval" "withVisible" "source" 
"t.default" "t" "cbind" "eval" "eval" "withVisible" "source" 
"cbind" "eval" "eval" "withVisible" "source" 
"cbind" "eval" "eval" "withVisible" "source" 
"cbind" "eval" "eval" "withVisible" "source" 
"cbind" "eval" "eval" "withVisible" "source" 
"cbind" "eval" "eval" "withVisible" "source" 
"cbind" "eval" "eval" "withVisible" "source" 
"cbind" "eval" "eval" "withVisible" "source" 
"cbind" "eval" "eval" "withVisible" "source" 
"cbind" "eval" "eval" "withVisible" "source" 
"cbind" "eval" "eval" "withVisible" "source" 
"cbind" "eval" "eval" "withVisible" "source" 
"cbind" "eval" "eval" "withVisible" "source" 
"cbind" "eval" "eval" "withVisible" "source" 
"cbind" "eval" "eval" "withVisible" "source" 
"cbind" "eval" "eval" "withVisible" "source" 
"cbind" "eval" "eval" "withVisible" "source" 
"cbind" "eval" "eval" "withVisible" "source" 
"cbind" "eval" "eval" "withVisible" "source" 
"cbind" "eval" "eval" "withVisible" "source" 
"cbind" "eval" "eval" "withVisible" "source" 
"cbind" "eval" "eval" "withVisible" "source" 
"cbind" "eval" "eval" "withVisible" "source" 
"cbind" "eval" "eval" "withVisible" "source" 
"cbind" "eval" "eval" "withVisible" "source" 
"cbind" "eval" "eval" "withVisible" "source" 
"cbind" "eval" "eval" "withVisible" "source" 
"cbind" "eval" "eval" "withVisible" "source" 
"cbind" "eval" "eval" "withVisible" "source" 
"cbind" "eval" "eval" "withVisible" "source" 
"cbind" "eval" "eval" "withVisible" "source" 
"cbind" "eval" "eval" "withVisible" "source" 
"cbind" "eval" "eval" "withVisible" "source" 
"cbind" "eval" "eval" "withVisible" "source" 
"cbind" "eval" "eval" "withVisible" "source" 
"cbind" "eval" "eval" "withVisible" "source" 
"cbind" "eval" "eval" "withVisible" "source" 
"cbind" "eval" "eval" "withVisible" "source" 
"cbind" "eval" "eval" "withVisible" "source" 
"cbind" "eval" "eval" "withVisible" "source" 
"cbind" "eval" "eval" "withVisible" "source" 
"cbind" "eval" "eval" "withVisible" "source" 
"cbind" "eval" "eval" "withVisible" "source" 
"cbind" "eval" "eval" "withVisible" "source" 
"cbind" "eval" "eval" "withVisible" "source" 
"cbind" "eval" "eval" "withVisible" "source" 
"cbind" "eval" "eval" "withVisible" "source" 
"cbind" "eval" "eval" "withVisible" "source" 
"cbind" "eval" "eval" "withVisible" "source" 
"cbind" "eval" "eval" "withVisible" "source" 
"cbind" "eval" "eval" "withVisible" "source" 
"cbind" "eval" "eval" "withVisible" "source" 
"cbind" "eval" "eval" "withVisible" "source" 
"cbind" "eval" "eval" "withVisible" "source" 
"cbind" "eval" "eval" "withVisible" "source" 
"cbind" "eval" "eval" "withVisible" "source" 
"cbind" "eval" "eval" "withVisible" "source" 
"cbind" "eval" "eval" "withVisible" "source" 
"cbind" "eval" "eval" "withVisible" "source" 
"cbind" "eval" "eval" "withVisible" "source" 
"cbind" "eval" "eval" "withVisible" "source" 
"cbind" "eval" "eval" "withVisible" "source" 
"cbind" "eval" "eval" "withVisible" "source" 
"cbind" "eval" "eval" "withVisible" "source" 
"cbind" "eval" "eval" "withVisible" "source" 
"cbind" "eval" "eval" "withVisible" "source" 
"cbind" "eval" "eval" "withVisible" "source" 
"cbind" "eval" "eval" "withVisible" "source" 
"cbind" "eval" "eval" "withVisible" "source" 
"cbind" "eval" "eval" "withVisible" "source" 
"cbind" "eval" "eval" "withVisible" "source" 
"cbind" "eval" "eval" "withVisible" "source" 
"cbind" "eval" "eval" "withVisible" "source" 
"cbind" "eval" "eval" "withVisible" "source" 
"cbind" "eval" "eval" "withVisible" "source" 
"cbind" "eval" "eval" "withVisible" "source" 
"cbind" "eval" "eval" "withVisible" "source" 
"cbind" "eval" "eval" "withVisible" "source" 
"cbind" "eval" "eval" "withVisible" "source" 
"cbind" "eval" "eval" "withVisible" "source" 
"cbind" "eval" "eval" "withVisible" "source" 
"cbind" "eval" "eval" "withVisible" "source" 
"cbind" "eval" "eval" "withVisible" "source" 
"cbind" "eval" "eval" "withVisible" "source" 
"cbind" "eval" "eval" "withVisible" "source" 
"cbind" "eval" "eval" "withVisible" "source" 
"cbind" "eval" "eval" "withVisible" "source" 
"cbind" "eval" "eval" "withVisible" "source" 
"cbind" "eval" "eval" "withVisible" "source" 
"cbind" "eval" "eval" "withVisible" "source" 
"cbind" "eval" "eval" "withVisible" "source" 
"cbind" "eval" "eval" "withVisible" "source" 
"cbind" "eval" "eval" "withVisible" "source" 
"cbind" "eval" "eval" "withVisible" "source" 
"cbind" "eval" "eval" "withVisible" "source" 
"cbind" "eval" "eval" "withVisible" "source" 
"cbind" "eval" "eval" "withVisible" "source" 
"cbind" "eval" "eval" "withVisible" "source" 
"cbind" "eval" "eval" "withVisible" "source" 
"cbind" "eval" "eval" "withVisible" "source" 
"cbind" "eval" "eval" "withVisible" "source" 
"cbind" "eval" "eval" "withVisible" "source" 
"cbind" "eval" "eval" "withVisible" "source" 
"cbind" "eval" "eval" "withVisible" "source" 
"cbind" "eval" "eval" "withVisible" "source" 
"cbind" "eval" "eval" "withVisible" "source" 
"cbind" "eval" "eval" "withVisible" "source" 
"cbind" "eval" "eval" "withVisible" "source" 
"cbind" "eval" "eval" "withVisible" "source" 
"cbind" "eval" "eval" "withVisible" "source" 
"cbind" "eval" "eval" "withVisible" "source" 
"cbind" "eval" "eval" "withVisible" "source" 
"cbind" "eval" "eval" "withVisible" "source" 
"cbind" "eval" "eval" "withVisible" "source" 
"cbind" "eval" "eval" "withVisible" "source" 
"cbind" "eval" "eval" "withVisible" "source" 
"cbind" "eval" "eval" "withVisible" "source" 
"cbind" "eval" "eval" "withVisible" "source" 
"cbind" "eval" "eval" "withVisible" "source" 
"cbind" "eval" "eval" "withVisible" "source" 
"cbind" "eval" "eval" "withVisible" "source" 
"cbind" "eval" "eval" "withVisible" "source" 
"cbind" "eval" "eval" "withVisible" "source" 
"cbind" "eval" "eval" "withVisible" "source" 
"cbind" "eval" "eval" "withVisible" "source" 
"cbind" "eval" "eval" "withVisible" "source" 
"cbind" "eval" "eval" "withVisible" "source" 
"cbind" "eval" "eval" "withVisible" "source" 
"cbind" "eval" "eval" "withVisible" "source" 
"cbind" "eval" "eval" "withVisible" "source" 
"cbind" "eval" "eval" "withVisible" "source" 
"cbind" "eval" "eval" "withVisible" "source" 
"cbind" "eval" "eval" "withVisible" "source" 
"cbind" "eval" "eval" "withVisible" "source" 
"eval" "eval" "match.arg" "sort.list" "factor" "as.factor" "as.data.frame.matrix" "as.data.frame" "data.frame" "eval" "eval" "withVisible" "source" 
"unique.default" "unique" "factor" "as.factor" "as.data.frame.matrix" "as.data.frame" "data.frame" "eval" "eval" "withVisible" "source" 
"as.character" "factor" "as.factor" "as.data.frame.matrix" "as.data.frame" "data.frame" "eval" "eval" "withVisible" "source" 
"match.arg" "sort.list" "factor" "as.factor" "as.data.frame.matrix" "as.data.frame" "data.frame" "eval" "eval" "withVisible" "source" 
"sys.function" "formals" "match.arg" "sort.list" "factor" "as.factor" "as.data.frame.matrix" "as.data.frame" "data.frame" "eval" "eval" "withVisible" "source" 
"unique.default" "unique" "factor" "as.factor" "as.data.frame.matrix" "as.data.frame" "data.frame" "eval" "eval" "withVisible" "source" 
"as.vector" "factor" "as.factor" "as.data.frame.matrix" "as.data.frame" "data.frame" "eval" "eval" "withVisible" "source" 
"sort.list" "factor" "as.factor" "as.data.frame.matrix" "as.data.frame" "data.frame" "eval" "eval" "withVisible" "source" 
"factor" "as.factor" "as.data.frame.matrix" "as.data.frame" "data.frame" "eval" "eval" "withVisible" "source" 
"sys.function" "formals" "match.arg" "sort.list" "factor" "as.factor" "as.data.frame.matrix" "as.data.frame" "data.frame" "eval" "eval" "withVisible" "source" 
"sort.list" "factor" "as.factor" "as.data.frame.matrix" "as.data.frame" "data.frame" "eval" "eval" "withVisible" "source" 
"match" "factor" "as.factor" "as.data.frame.matrix" "as.data.frame" "data.frame" "eval" "eval" "withVisible" "source" 
"match.arg" "sort.list" "factor" "as.factor" "as.data.frame.matrix" "as.data.frame" "data.frame" "eval" "eval" "withVisible" "source" 
"as.factor" "as.data.frame.matrix" "as.data.frame" "data.frame" "eval" "eval" "withVisible" "source" 
"levels<-" "eval" "eval" "withVisible" "source" 
"levels<-" "eval" "eval" "withVisible" "source" 
"levels<-" "eval" "eval" "withVisible" "source" 
"levels<-" "eval" "eval" "withVisible" "source" 
"levels<-" "eval" "eval" "withVisible" "source" 
"levels<-" "eval" "eval" "withVisible" "source" 
"levels<-" "eval" "eval" "withVisible" "source" 
"levels<-" "eval" "eval" "withVisible" "source" 
"levels<-" "eval" "eval" "withVisible" "source" 
"levels<-" "eval" "eval" "withVisible" "source" 
"levels<-" "eval" "eval" "withVisible" "source" 
"levels<-" "eval" "eval" "withVisible" "source" 
"levels<-" "eval" "eval" "withVisible" "source" 
"levels<-" "eval" "eval" "withVisible" "source" 
"levels<-" "eval" "eval" "withVisible" "source" 
"levels<-" "eval" "eval" "withVisible" "source" 
"levels<-" "eval" "eval" "withVisible" "source" 
"levels<-" "eval" "eval" "withVisible" "source" 
"levels<-" "eval" "eval" "withVisible" "source" 
"levels<-" "eval" "eval" "withVisible" "source" 
"levels<-" "eval" "eval" "withVisible" "source" 
"levels<-" "eval" "eval" "withVisible" "source" 
"levels<-" "eval" "eval" "withVisible" "source" 
"levels<-" "eval" "eval" "withVisible" "source" 
"levels<-" "eval" "eval" "withVisible" "source" 
"levels<-" "eval" "eval" "withVisible" "source" 
"levels<-" "eval" "eval" "withVisible" "source" 
"levels<-" "eval" "eval" "withVisible" "source" 
"levels<-" "eval" "eval" "withVisible" "source" 
"levels<-" "eval" "eval" "withVisible" "source" 
"levels<-" "eval" "eval" "withVisible" "source" 
"levels<-" "eval" "eval" "withVisible" "source" 
"levels<-" "eval" "eval" "withVisible" "source" 
"levels<-" "eval" "eval" "withVisible" "source" 
"levels<-" "eval" "eval" "withVisible" "source" 
"levels<-" "eval" "eval" "withVisible" "source" 
"levels<-" "eval" "eval" "withVisible" "source" 
"levels<-" "eval" "eval" "withVisible" "source" 
"levels<-" "eval" "eval" "withVisible" "source" 
"levels<-" "eval" "eval" "withVisible" "source" 
"levels<-" "eval" "eval" "withVisible" "source" 
"levels<-" "eval" "eval" "withVisible" "source" 
"levels<-" "eval" "eval" "withVisible" "source" 
"levels<-" "eval" "eval" "withVisible" "source" 
"levels<-" "eval" "eval" "withVisible" "source" 
"levels<-" "eval" "eval" "withVisible" "source" 
"levels<-" "eval" "eval" "withVisible" "source" 
"levels<-" "eval" "eval" "withVisible" "source" 
"levels<-" "eval" "eval" "withVisible" "source" 
"levels<-" "eval" "eval" "withVisible" "source" 
"levels<-" "eval" "eval" "withVisible" "source" 
"levels<-" "eval" "eval" "withVisible" "source" 
"levels<-" "eval" "eval" "withVisible" "source" 
"levels<-" "eval" "eval" "withVisible" "source" 
"levels<-" "eval" "eval" "withVisible" "source" 
"levels<-" "eval" "eval" "withVisible" "source" 
"levels<-" "eval" "eval" "withVisible" "source" 
"levels<-" "eval" "eval" "withVisible" "source" 
"levels<-" "eval" "eval" "withVisible" "source" 
"levels<-" "eval" "eval" "withVisible" "source" 
"levels<-" "eval" "eval" "withVisible" "source" 
"levels<-" "eval" "eval" "withVisible" "source" 
"levels<-" "eval" "eval" "withVisible" "source" 
"levels<-" "eval" "eval" "withVisible" "source" 
"levels<-" "eval" "eval" "withVisible" "source" 
"levels<-" "eval" "eval" "withVisible" "source" 
"levels<-" "eval" "eval" "withVisible" "source" 
"levels<-" "eval" "eval" "withVisible" "source" 
"levels<-" "eval" "eval" "withVisible" "source" 
"levels<-" "eval" "eval" "withVisible" "source" 
"levels<-" "eval" "eval" "withVisible" "source" 
"levels<-" "eval" "eval" "withVisible" "source" 
"levels<-" "eval" "eval" "withVisible" "source" 
"levels<-" "eval" "eval" "withVisible" "source" 
"levels<-" "eval" "eval" "withVisible" "source" 
"levels<-" "eval" "eval" "withVisible" "source" 
"levels<-" "eval" "eval" "withVisible" "source" 
"levels<-" "eval" "eval" "withVisible" "source" 
"levels<-" "eval" "eval" "withVisible" "source" 
"levels<-" "eval" "eval" "withVisible" "source" 
"levels<-" "eval" "eval" "withVisible" "source" 
"levels<-" "eval" "eval" "withVisible" "source" 
"levels<-" "eval" "eval" "withVisible" "source" 
"levels<-" "eval" "eval" "withVisible" "source" 
"levels<-" "eval" "eval" "withVisible" "source" 
"levels<-" "eval" "eval" "withVisible" "source" 
"levels<-" "eval" "eval" "withVisible" "source" 
"levels<-" "eval" "eval" "withVisible" "source" 
"levels<-" "eval" "eval" "withVisible" "source" 
"levels<-" "eval" "eval" "withVisible" "source" 
"levels<-" "eval" "eval" "withVisible" "source" 
"levels<-" "eval" "eval" "withVisible" "source" 
"levels<-" "eval" "eval" "withVisible" "source" 
"levels<-" "eval" "eval" "withVisible" "source" 
"levels<-" "eval" "eval" "withVisible" "source" 
"levels<-" "eval" "eval" "withVisible" "source" 
"levels<-" "eval" "eval" "withVisible" "source" 
"levels<-" "eval" "eval" "withVisible" "source" 
"levels<-" "eval" "eval" "withVisible" "source" 
"levels<-" "eval" "eval" "withVisible" "source" 
"levels<-" "eval" "eval" "withVisible" "source" 
"levels<-" "eval" "eval" "withVisible" "source" 
"levels<-" "eval" "eval" "withVisible" "source" 
"levels<-" "eval" "eval" "withVisible" "source" 
"levels<-" "eval" "eval" "withVisible" "source" 
"levels<-" "eval" "eval" "withVisible" "source" 
"levels<-" "eval" "eval" "withVisible" "source" 
"levels<-" "eval" "eval" "withVisible" "source" 
"levels<-" "eval" "eval" "withVisible" "source" 
"levels<-" "eval" "eval" "withVisible" "source" 
"levels<-" "eval" "eval" "withVisible" "source" 
"levels<-" "eval" "eval" "withVisible" "source" 
"levels<-" "eval" "eval" "withVisible" "source" 
"levels<-" "eval" "eval" "withVisible" "source" 
"levels<-" "eval" "eval" "withVisible" "source" 
"levels<-" "eval" "eval" "withVisible" "source" 
"levels<-" "eval" "eval" "withVisible" "source" 
"levels<-" "eval" "eval" "withVisible" "source" 
"levels<-" "eval" "eval" "withVisible" "source" 
"levels<-" "eval" "eval" "withVisible" "source" 
"levels<-" "eval" "eval" "withVisible" "source" 
"levels<-" "eval" "eval" "withVisible" "source" 
"levels<-" "eval" "eval" "withVisible" "source" 
"levels<-" "eval" "eval" "withVisible" "source" 
"levels<-" "eval" "eval" "withVisible" "source" 
"levels<-" "eval" "eval" "withVisible" "source" 
"levels<-" "eval" "eval" "withVisible" "source" 
"levels<-" "eval" "eval" "withVisible" "source" 
"levels<-" "eval" "eval" "withVisible" "source" 
"levels<-" "eval" "eval" "withVisible" "source" 
"levels<-" "eval" "eval" "withVisible" "source" 
"levels<-" "eval" "eval" "withVisible" "source" 
"levels<-" "eval" "eval" "withVisible" "source" 
"levels<-" "eval" "eval" "withVisible" "source" 
"levels<-" "eval" "eval" "withVisible" "source" 
"levels<-" "eval" "eval" "withVisible" "source" 
"levels<-" "eval" "eval" "withVisible" "source" 
"levels<-" "eval" "eval" "withVisible" "source" 
"levels<-" "eval" "eval" "withVisible" "source" 
"levels<-" "eval" "eval" "withVisible" "source" 
"levels<-" "eval" "eval" "withVisible" "source" 
"levels<-" "eval" "eval" "withVisible" "source" 
"levels<-" "eval" "eval" "withVisible" "source" 
"levels<-" "eval" "eval" "withVisible" "source" 
"levels<-" "eval" "eval" "withVisible" "source" 
"levels<-" "eval" "eval" "withVisible" "source" 
"levels<-" "eval" "eval" "withVisible" "source" 
"levels<-" "eval" "eval" "withVisible" "source" 
"levels<-" "eval" "eval" "withVisible" "source" 
"levels<-" "eval" "eval" "withVisible" "source" 
"levels<-" "eval" "eval" "withVisible" "source" 
"levels<-" "eval" "eval" "withVisible" "source" 
"levels<-" "eval" "eval" "withVisible" "source" 
"levels<-" "eval" "eval" "withVisible" "source" 
"levels<-" "eval" "eval" "withVisible" "source" 
"levels<-" "eval" "eval" "withVisible" "source" 
"levels<-" "eval" "eval" "withVisible" "source" 
"levels<-" "eval" "eval" "withVisible" "source" 
"levels<-" "eval" "eval" "withVisible" "source" 
"levels<-" "eval" "eval" "withVisible" "source" 
"levels<-" "eval" "eval" "withVisible" "source" 
"levels<-" "eval" "eval" "withVisible" "source" 
"levels<-" "eval" "eval" "withVisible" "source" 
"levels<-" "eval" "eval" "withVisible" "source" 
"levels<-" "eval" "eval" "withVisible" "source" 
"levels<-" "eval" "eval" "withVisible" "source" 
"levels<-" "eval" "eval" "withVisible" "source" 
"levels<-" "eval" "eval" "withVisible" "source" 
"levels<-" "eval" "eval" "withVisible" "source" 
"levels<-" "eval" "eval" "withVisible" "source" 
"levels<-" "eval" "eval" "withVisible" "source" 
"levels<-" "eval" "eval" "withVisible" "source" 
"levels<-" "eval" "eval" "withVisible" "source" 
"levels<-" "eval" "eval" "withVisible" "source" 
"levels<-" "eval" "eval" "withVisible" "source" 
"levels<-" "eval" "eval" "withVisible" "source" 
"levels<-" "eval" "eval" "withVisible" "source" 
"levels<-" "eval" "eval" "withVisible" "source" 
"levels<-" "eval" "eval" "withVisible" "source" 
"levels<-" "eval" "eval" "withVisible" "source" 
"levels<-" "eval" "eval" "withVisible" "source" 
"levels<-" "eval" "eval" "withVisible" "source" 
"levels<-" "eval" "eval" "withVisible" "source" 
"levels<-" "eval" "eval" "withVisible" "source" 
"levels<-" "eval" "eval" "withVisible" "source" 
"levels<-" "eval" "eval" "withVisible" "source" 
"levels<-" "eval" "eval" "withVisible" "source" 
"levels<-" "eval" "eval" "withVisible" "source" 
"levels<-" "eval" "eval" "withVisible" "source" 
"levels<-" "eval" "eval" "withVisible" "source" 
"levels<-" "eval" "eval" "withVisible" "source" 
"levels<-" "eval" "eval" "withVisible" "source" 
"levels<-" "eval" "eval" "withVisible" "source" 
"levels<-" "eval" "eval" "withVisible" "source" 
"levels<-" "eval" "eval" "withVisible" "source" 
"levels<-" "eval" "eval" "withVisible" "source" 
"levels<-" "eval" "eval" "withVisible" "source" 
"levels<-" "eval" "eval" "withVisible" "source" 
"levels<-" "eval" "eval" "withVisible" "source" 
"levels<-" "eval" "eval" "withVisible" "source" 
"levels<-" "eval" "eval" "withVisible" "source" 
"levels<-" "eval" "eval" "withVisible" "source" 
"levels<-" "eval" "eval" "withVisible" "source" 
"levels<-" "eval" "eval" "withVisible" "source" 
"levels<-" "eval" "eval" "withVisible" "source" 
"levels<-" "eval" "eval" "withVisible" "source" 
"levels<-" "eval" "eval" "withVisible" "source" 
"levels<-" "eval" "eval" "withVisible" "source" 
"levels<-" "eval" "eval" "withVisible" "source" 
"levels<-" "eval" "eval" "withVisible" "source" 
"levels<-" "eval" "eval" "withVisible" "source" 
"levels<-" "eval" "eval" "withVisible" "source" 
"levels<-" "eval" "eval" "withVisible" "source" 
"levels<-" "eval" "eval" "withVisible" "source" 
"levels<-" "eval" "eval" "withVisible" "source" 
"levels<-" "eval" "eval" "withVisible" "source" 
"levels<-" "eval" "eval" "withVisible" "source" 
"levels<-" "eval" "eval" "withVisible" "source" 
"levels<-" "eval" "eval" "withVisible" "source" 
"levels<-" "eval" "eval" "withVisible" "source" 
"levels<-" "eval" "eval" "withVisible" "source" 
"levels<-" "eval" "eval" "withVisible" "source" 
"levels<-" "eval" "eval" "withVisible" "source" 
"levels<-" "eval" "eval" "withVisible" "source" 
"levels<-" "eval" "eval" "withVisible" "source" 
"levels<-" "eval" "eval" "withVisible" "source" 
"levels<-" "eval" "eval" "withVisible" "source" 
"levels<-" "eval" "eval" "withVisible" "source" 
"levels<-" "eval" "eval" "withVisible" "source" 
"levels<-" "eval" "eval" "withVisible" "source" 
"levels<-" "eval" "eval" "withVisible" "source" 
"levels<-" "eval" "eval" "withVisible" "source" 
"levels<-" "eval" "eval" "withVisible" "source" 
"levels<-" "eval" "eval" "withVisible" "source" 
"levels<-" "eval" "eval" "withVisible" "source" 
"levels<-" "eval" "eval" "withVisible" "source" 
"levels<-" "eval" "eval" "withVisible" "source" 
"levels<-" "eval" "eval" "withVisible" "source" 
"levels<-" "eval" "eval" "withVisible" "source" 
"levels<-" "eval" "eval" "withVisible" "source" 
"levels<-" "eval" "eval" "withVisible" "source" 
"levels<-" "eval" "eval" "withVisible" "source" 
"levels<-" "eval" "eval" "withVisible" "source" 
"levels<-" "eval" "eval" "withVisible" "source" 
"levels<-" "eval" "eval" "withVisible" "source" 
"levels<-" "eval" "eval" "withVisible" "source" 
"levels<-" "eval" "eval" "withVisible" "source" 
"levels<-" "eval" "eval" "withVisible" "source" 
"levels<-" "eval" "eval" "withVisible" "source" 
"levels<-" "eval" "eval" "withVisible" "source" 
"levels<-" "eval" "eval" "withVisible" "source" 
"levels<-" "eval" "eval" "withVisible" "source" 
"levels<-" "eval" "eval" "withVisible" "source" 
"levels<-" "eval" "eval" "withVisible" "source" 
"levels<-" "eval" "eval" "withVisible" "source" 
"levels<-" "eval" "eval" "withVisible" "source" 
"levels<-" "eval" "eval" "withVisible" "source" 
"levels<-" "eval" "eval" "withVisible" "source" 
"levels<-" "eval" "eval" "withVisible" "source" 
"levels<-" "eval" "eval" "withVisible" "source" 
"levels<-" "eval" "eval" "withVisible" "source" 
"levels<-" "eval" "eval" "withVisible" "source" 
"levels<-" "eval" "eval" "withVisible" "source" 
"levels<-" "eval" "eval" "withVisible" "source" 
"levels<-" "eval" "eval" "withVisible" "source" 
"levels<-" "eval" "eval" "withVisible" "source" 
"levels<-" "eval" "eval" "withVisible" "source" 
"levels<-" "eval" "eval" "withVisible" "source" 
"levels<-" "eval" "eval" "withVisible" "source" 
"levels<-" "eval" "eval" "withVisible" "source" 
"levels<-" "eval" "eval" "withVisible" "source" 
"levels<-" "eval" "eval" "withVisible" "source" 
"levels<-" "eval" "eval" "withVisible" "source" 
"levels<-" "eval" "eval" "withVisible" "source" 
"levels<-" "eval" "eval" "withVisible" "source" 
"levels<-" "eval" "eval" "withVisible" "source" 
"levels<-" "eval" "eval" "withVisible" "source" 
"levels<-" "eval" "eval" "withVisible" "source" 
"levels<-" "eval" "eval" "withVisible" "source" 
"levels<-" "eval" "eval" "withVisible" "source" 
"levels<-" "eval" "eval" "withVisible" "source" 
"levels<-" "eval" "eval" "withVisible" "source" 
"levels<-" "eval" "eval" "withVisible" "source" 
"levels<-" "eval" "eval" "withVisible" "source" 
"levels<-" "eval" "eval" "withVisible" "source" 
"levels<-" "eval" "eval" "withVisible" "source" 
"levels<-" "eval" "eval" "withVisible" "source" 
"levels<-" "eval" "eval" "withVisible" "source" 
"levels<-" "eval" "eval" "withVisible" "source" 
"levels<-" "eval" "eval" "withVisible" "source" 
"levels<-" "eval" "eval" "withVisible" "source" 
"levels<-" "eval" "eval" "withVisible" "source" 
"levels<-" "eval" "eval" "withVisible" "source" 
"levels<-" "eval" "eval" "withVisible" "source" 
"levels<-" "eval" "eval" "withVisible" "source" 
"levels<-" "eval" "eval" "withVisible" "source" 
"levels<-" "eval" "eval" "withVisible" "source" 
"levels<-" "eval" "eval" "withVisible" "source" 
"levels<-" "eval" "eval" "withVisible" "source" 
"levels<-" "eval" "eval" "withVisible" "source" 
"levels<-" "eval" "eval" "withVisible" "source" 
"levels<-" "eval" "eval" "withVisible" "source" 
"levels<-" "eval" "eval" "withVisible" "source" 
"levels<-" "eval" "eval" "withVisible" "source" 
"levels<-" "eval" "eval" "withVisible" "source" 
"levels<-" "eval" "eval" "withVisible" "source" 
"levels<-" "eval" "eval" "withVisible" "source" 
"levels<-" "eval" "eval" "withVisible" "source" 
"levels<-" "eval" "eval" "withVisible" "source" 
"levels<-" "eval" "eval" "withVisible" "source" 
"levels<-" "eval" "eval" "withVisible" "source" 
"levels<-" "eval" "eval" "withVisible" "source" 
"levels<-" "eval" "eval" "withVisible" "source" 
"levels<-" "eval" "eval" "withVisible" "source" 
"levels<-" "eval" "eval" "withVisible" "source" 
"levels<-" "eval" "eval" "withVisible" "source" 
"levels<-" "eval" "eval" "withVisible" "source" 
"levels<-" "eval" "eval" "withVisible" "source" 
"levels<-" "eval" "eval" "withVisible" "source" 
"levels<-" "eval" "eval" "withVisible" "source" 
"levels<-" "eval" "eval" "withVisible" "source" 
"levels<-" "eval" "eval" "withVisible" "source" 
"levels<-" "eval" "eval" "withVisible" "source" 
"levels<-" "eval" "eval" "withVisible" "source" 
"levels<-" "eval" "eval" "withVisible" "source" 
"levels<-" "eval" "eval" "withVisible" "source" 
"levels<-" "eval" "eval" "withVisible" "source" 
"levels<-" "eval" "eval" "withVisible" "source" 
"levels<-" "eval" "eval" "withVisible" "source" 
"levels<-" "eval" "eval" "withVisible" "source" 
"levels<-" "eval" "eval" "withVisible" "source" 
"levels<-" "eval" "eval" "withVisible" "source" 
"levels<-" "eval" "eval" "withVisible" "source" 
"levels<-" "eval" "eval" "withVisible" "source" 
"levels<-" "eval" "eval" "withVisible" "source" 
"levels<-" "eval" "eval" "withVisible" "source" 
"levels<-" "eval" "eval" "withVisible" "source" 
"levels<-" "eval" "eval" "withVisible" "source" 
"levels<-" "eval" "eval" "withVisible" "source" 
"levels<-" "eval" "eval" "withVisible" "source" 
"levels<-" "eval" "eval" "withVisible" "source" 
"levels<-" "eval" "eval" "withVisible" "source" 
"levels<-" "eval" "eval" "withVisible" "source" 
"levels<-" "eval" "eval" "withVisible" "source" 
"levels<-" "eval" "eval" "withVisible" "source" 
"levels<-" "eval" "eval" "withVisible" "source" 
"levels<-" "eval" "eval" "withVisible" "source" 
"levels<-" "eval" "eval" "withVisible" "source" 
"levels<-" "eval" "eval" "withVisible" "source" 
"levels<-" "eval" "eval" "withVisible" "source" 
"levels<-" "eval" "eval" "withVisible" "source" 
"levels<-" "eval" "eval" "withVisible" "source" 
"levels<-" "eval" "eval" "withVisible" "source" 
"levels<-" "eval" "eval" "withVisible" "source" 
"levels<-" "eval" "eval" "withVisible" "source" 
"levels<-" "eval" "eval" "withVisible" "source" 
"levels<-" "eval" "eval" "withVisible" "source" 
"levels<-" "eval" "eval" "withVisible" "source" 
"levels<-" "eval" "eval" "withVisible" "source" 
"levels<-" "eval" "eval" "withVisible" "source" 
"levels<-" "eval" "eval" "withVisible" "source" 
"levels<-" "eval" "eval" "withVisible" "source" 
"levels<-" "eval" "eval" "withVisible" "source" 
"levels<-" "eval" "eval" "withVisible" "source" 
"levels<-" "eval" "eval" "withVisible" "source" 
"levels<-" "eval" "eval" "withVisible" "source" 
"levels<-" "eval" "eval" "withVisible" "source" 
"levels<-" "eval" "eval" "withVisible" "source" 
"levels<-" "eval" "eval" "withVisible" "source" 
"levels<-" "eval" "eval" "withVisible" "source" 
"levels<-" "eval" "eval" "withVisible" "source" 
"levels<-" "eval" "eval" "withVisible" "source" 
"levels<-" "eval" "eval" "withVisible" "source" 
"levels<-" "eval" "eval" "withVisible" "source" 
"levels<-" "eval" "eval" "withVisible" "source" 
"levels<-" "eval" "eval" "withVisible" "source" 
"levels<-" "eval" "eval" "withVisible" "source" 
"levels<-" "eval" "eval" "withVisible" "source" 
"levels<-" "eval" "eval" "withVisible" "source" 
"levels<-" "eval" "eval" "withVisible" "source" 
"levels<-" "eval" "eval" "withVisible" "source" 
"levels<-" "eval" "eval" "withVisible" "source" 
"levels<-" "eval" "eval" "withVisible" "source" 
"levels<-" "eval" "eval" "withVisible" "source" 
"levels<-" "eval" "eval" "withVisible" "source" 
"levels<-" "eval" "eval" "withVisible" "source" 
"levels<-" "eval" "eval" "withVisible" "source" 
"levels<-" "eval" "eval" "withVisible" "source" 
"levels<-" "eval" "eval" "withVisible" "source" 
"levels<-" "eval" "eval" "withVisible" "source" 
"levels<-" "eval" "eval" "withVisible" "source" 
"levels<-" "eval" "eval" "withVisible" "source" 
"levels<-" "eval" "eval" "withVisible" "source" 
"levels<-" "eval" "eval" "withVisible" "source" 
"levels<-" "eval" "eval" "withVisible" "source" 
"levels<-" "eval" "eval" "withVisible" "source" 
"levels<-" "eval" "eval" "withVisible" "source" 
"levels<-" "eval" "eval" "withVisible" "source" 
"levels<-" "eval" "eval" "withVisible" "source" 
"levels<-" "eval" "eval" "withVisible" "source" 
"levels<-" "eval" "eval" "withVisible" "source" 
"levels<-" "eval" "eval" "withVisible" "source" 
"levels<-" "eval" "eval" "withVisible" "source" 
"levels<-" "eval" "eval" "withVisible" "source" 
"levels<-" "eval" "eval" "withVisible" "source" 
"levels<-" "eval" "eval" "withVisible" "source" 
"levels<-" "eval" "eval" "withVisible" "source" 
"levels<-" "eval" "eval" "withVisible" "source" 
"levels<-" "eval" "eval" "withVisible" "source" 
"levels<-" "eval" "eval" "withVisible" "source" 
"levels<-" "eval" "eval" "withVisible" "source" 
"levels<-" "eval" "eval" "withVisible" "source" 
"levels<-" "eval" "eval" "withVisible" "source" 
"levels<-" "eval" "eval" "withVisible" "source" 
"levels<-" "eval" "eval" "withVisible" "source" 
"levels<-" "eval" "eval" "withVisible" "source" 
"levels<-" "eval" "eval" "withVisible" "source" 
"levels<-" "eval" "eval" "withVisible" "source" 
"levels<-" "eval" "eval" "withVisible" "source" 
"levels<-" "eval" "eval" "withVisible" "source" 
"levels<-" "eval" "eval" "withVisible" "source" 
"levels<-" "eval" "eval" "withVisible" "source" 
"levels<-" "eval" "eval" "withVisible" "source" 
"levels<-" "eval" "eval" "withVisible" "source" 
"levels<-" "eval" "eval" "withVisible" "source" 
"levels<-" "eval" "eval" "withVisible" "source" 
"levels<-" "eval" "eval" "withVisible" "source" 
"levels<-" "eval" "eval" "withVisible" "source" 
"levels<-" "eval" "eval" "withVisible" "source" 
"levels<-" "eval" "eval" "withVisible" "source" 
"levels<-" "eval" "eval" "withVisible" "source" 
"levels<-" "eval" "eval" "withVisible" "source" 
"levels<-" "eval" "eval" "withVisible" "source" 
"levels<-" "eval" "eval" "withVisible" "source" 
"levels<-" "eval" "eval" "withVisible" "source" 
"levels<-" "eval" "eval" "withVisible" "source" 
"levels<-" "eval" "eval" "withVisible" "source" 
"levels<-" "eval" "eval" "withVisible" "source" 
"levels<-" "eval" "eval" "withVisible" "source" 
"levels<-" "eval" "eval" "withVisible" "source" 
"levels<-" "eval" "eval" "withVisible" "source" 
"levels<-" "eval" "eval" "withVisible" "source" 
"levels<-" "eval" "eval" "withVisible" "source" 
"levels<-" "eval" "eval" "withVisible" "source" 
"levels<-" "eval" "eval" "withVisible" "source" 
"levels<-" "eval" "eval" "withVisible" "source" 
"levels<-" "eval" "eval" "withVisible" "source" 
"levels<-" "eval" "eval" "withVisible" "source" 
"levels<-" "eval" "eval" "withVisible" "source" 
"levels<-" "eval" "eval" "withVisible" "source" 
"levels<-" "eval" "eval" "withVisible" "source" 
"levels<-" "eval" "eval" "withVisible" "source" 
"levels<-" "eval" "eval" "withVisible" "source" 
"levels<-" "eval" "eval" "withVisible" "source" 
"levels<-" "eval" "eval" "withVisible" "source" 
"levels<-" "eval" "eval" "withVisible" "source" 
"levels<-" "eval" "eval" "withVisible" "source" 
"levels<-" "eval" "eval" "withVisible" "source" 
"levels<-" "eval" "eval" "withVisible" "source" 
"levels<-" "eval" "eval" "withVisible" "source" 
"levels<-" "eval" "eval" "withVisible" "source" 
"levels<-" "eval" "eval" "withVisible" "source" 
"levels<-" "eval" "eval" "withVisible" "source" 
"levels<-" "eval" "eval" "withVisible" "source" 
"levels<-" "eval" "eval" "withVisible" "source" 
"levels<-" "eval" "eval" "withVisible" "source" 
"levels<-" "eval" "eval" "withVisible" "source" 
"levels<-" "eval" "eval" "withVisible" "source" 
"levels<-" "eval" "eval" "withVisible" "source" 
"levels<-" "eval" "eval" "withVisible" "source" 
"levels<-" "eval" "eval" "withVisible" "source" 
"levels<-" "eval" "eval" "withVisible" "source" 
"levels<-" "eval" "eval" "withVisible" "source" 
"levels<-" "eval" "eval" "withVisible" "source" 
"levels<-" "eval" "eval" "withVisible" "source" 
"levels<-" "eval" "eval" "withVisible" "source" 
"levels<-" "eval" "eval" "withVisible" "source" 
"levels<-" "eval" "eval" "withVisible" "source" 
"levels<-" "eval" "eval" "withVisible" "source" 
"levels<-" "eval" "eval" "withVisible" "source" 
"levels<-" "eval" "eval" "withVisible" "source" 
"levels<-" "eval" "eval" "withVisible" "source" 
"levels<-" "eval" "eval" "withVisible" "source" 
"levels<-" "eval" "eval" "withVisible" "source" 
"levels<-" "eval" "eval" "withVisible" "source" 
"levels<-" "eval" "eval" "withVisible" "source" 
"levels<-" "eval" "eval" "withVisible" "source" 
"levels<-" "eval" "eval" "withVisible" "source" 
"levels<-" "eval" "eval" "withVisible" "source" 
"levels<-" "eval" "eval" "withVisible" "source" 
"levels<-" "eval" "eval" "withVisible" "source" 
"levels<-" "eval" "eval" "withVisible" "source" 
"levels<-" "eval" "eval" "withVisible" "source" 
"levels<-" "eval" "eval" "withVisible" "source" 
"levels<-" "eval" "eval" "withVisible" "source" 
"levels<-" "eval" "eval" "withVisible" "source" 
"levels<-" "eval" "eval" "withVisible" "source" 
"levels<-" "eval" "eval" "withVisible" "source" 
"levels<-" "eval" "eval" "withVisible" "source" 
"levels<-" "eval" "eval" "withVisible" "source" 
"levels<-" "eval" "eval" "withVisible" "source" 
"levels<-" "eval" "eval" "withVisible" "source" 
"levels<-" "eval" "eval" "withVisible" "source" 
"levels<-" "eval" "eval" "withVisible" "source" 
"levels<-" "eval" "eval" "withVisible" "source" 
"levels<-" "eval" "eval" "withVisible" "source" 
"levels<-" "eval" "eval" "withVisible" "source" 
"levels<-" "eval" "eval" "withVisible" "source" 
"levels<-" "eval" "eval" "withVisible" "source" 
"levels<-" "eval" "eval" "withVisible" "source" 
"levels<-" "eval" "eval" "withVisible" "source" 
"levels<-" "eval" "eval" "withVisible" "source" 
"levels<-" "eval" "eval" "withVisible" "source" 
"levels<-" "eval" "eval" "withVisible" "source" 
"levels<-" "eval" "eval" "withVisible" "source" 
"levels<-" "eval" "eval" "withVisible" "source" 
"levels<-" "eval" "eval" "withVisible" "source" 
"levels<-" "eval" "eval" "withVisible" "source" 
"levels<-" "eval" "eval" "withVisible" "source" 
"levels<-" "eval" "eval" "withVisible" "source" 
"levels<-" "eval" "eval" "withVisible" "source" 
"levels<-" "eval" "eval" "withVisible" "source" 
"levels<-" "eval" "eval" "withVisible" "source" 
"levels<-" "eval" "eval" "withVisible" "source" 
"levels<-" "eval" "eval" "withVisible" "source" 
"levels<-" "eval" "eval" "withVisible" "source" 
"levels<-" "eval" "eval" "withVisible" "source" 
"levels<-" "eval" "eval" "withVisible" "source" 
"levels<-" "eval" "eval" "withVisible" "source" 
"levels<-" "eval" "eval" "withVisible" "source" 
"levels<-" "eval" "eval" "withVisible" "source" 
"levels<-" "eval" "eval" "withVisible" "source" 
"levels<-" "eval" "eval" "withVisible" "source" 
"levels<-" "eval" "eval" "withVisible" "source" 
"levels<-" "eval" "eval" "withVisible" "source" 
"levels<-" "eval" "eval" "withVisible" "source" 
"levels<-" "eval" "eval" "withVisible" "source" 
"levels<-" "eval" "eval" "withVisible" "source" 
"levels<-" "eval" "eval" "withVisible" "source" 
"levels<-" "eval" "eval" "withVisible" "source" 
"levels<-" "eval" "eval" "withVisible" "source" 
"levels<-" "eval" "eval" "withVisible" "source" 
"levels<-" "eval" "eval" "withVisible" "source" 
"levels<-" "eval" "eval" "withVisible" "source" 
"levels<-" "eval" "eval" "withVisible" "source" 
"levels<-" "eval" "eval" "withVisible" "source" 
"levels<-" "eval" "eval" "withVisible" "source" 
"levels<-" "eval" "eval" "withVisible" "source" 
"levels<-" "eval" "eval" "withVisible" "source" 
"levels<-" "eval" "eval" "withVisible" "source" 
"levels<-" "eval" "eval" "withVisible" "source" 
"levels<-" "eval" "eval" "withVisible" "source" 
"levels<-" "eval" "eval" "withVisible" "source" 
"levels<-" "eval" "eval" "withVisible" "source" 
"levels<-" "eval" "eval" "withVisible" "source" 
"levels<-" "eval" "eval" "withVisible" "source" 
"levels<-" "eval" "eval" "withVisible" "source" 
"levels<-" "eval" "eval" "withVisible" "source" 
"levels<-" "eval" "eval" "withVisible" "source" 
"levels<-" "eval" "eval" "withVisible" "source" 
"levels<-" "eval" "eval" "withVisible" "source" 
"levels<-" "eval" "eval" "withVisible" "source" 
"levels<-" "eval" "eval" "withVisible" "source" 
"levels<-" "eval" "eval" "withVisible" "source" 
"levels<-" "eval" "eval" "withVisible" "source" 
"levels<-" "eval" "eval" "withVisible" "source" 
"levels<-" "eval" "eval" "withVisible" "source" 
"levels<-" "eval" "eval" "withVisible" "source" 
"levels<-" "eval" "eval" "withVisible" "source" 
"levels<-" "eval" "eval" "withVisible" "source" 
"levels<-" "eval" "eval" "withVisible" "source" 
"levels<-" "eval" "eval" "withVisible" "source" 
"levels<-" "eval" "eval" "withVisible" "source" 
"levels<-" "eval" "eval" "withVisible" "source" 
"levels<-" "eval" "eval" "withVisible" "source" 
"levels<-" "eval" "eval" "withVisible" "source" 
"levels<-" "eval" "eval" "withVisible" "source" 
"levels<-" "eval" "eval" "withVisible" "source" 
"levels<-" "eval" "eval" "withVisible" "source" 
"levels<-" "eval" "eval" "withVisible" "source" 
"levels<-" "eval" "eval" "withVisible" "source" 
"levels<-" "eval" "eval" "withVisible" "source" 
"levels<-" "eval" "eval" "withVisible" "source" 
"levels<-" "eval" "eval" "withVisible" "source" 
"levels<-" "eval" "eval" "withVisible" "source" 
"levels<-" "eval" "eval" "withVisible" "source" 
"levels<-" "eval" "eval" "withVisible" "source" 
"levels<-" "eval" "eval" "withVisible" "source" 
"levels<-" "eval" "eval" "withVisible" "source" 
"levels<-" "eval" "eval" "withVisible" "source" 
"levels<-" "eval" "eval" "withVisible" "source" 
"levels<-" "levels<-" "eval" "eval" "withVisible" "source" 
"levels<-" "eval" "eval" "withVisible" "source" 
"levels<-" "eval" "eval" "withVisible" "source" 
"levels<-" "eval" "eval" "withVisible" "source" 
"levels<-" "eval" "eval" "withVisible" "source" 
"levels<-" "eval" "eval" "withVisible" "source" 
"levels<-" "eval" "eval" "withVisible" "source" 
"levels<-" "eval" "eval" "withVisible" "source" 
"levels<-" "eval" "eval" "withVisible" "source" 
"levels<-" "eval" "eval" "withVisible" "source" 
"levels<-" "eval" "eval" "withVisible" "source" 
"levels<-" "eval" "eval" "withVisible" "source" 
"levels<-" "eval" "eval" "withVisible" "source" 
"levels<-" "eval" "eval" "withVisible" "source" 
"levels<-" "eval" "eval" "withVisible" "source" 
"levels<-" "eval" "eval" "withVisible" "source" 
"levels<-" "eval" "eval" "withVisible" "source" 
"levels<-" "eval" "eval" "withVisible" "source" 
"levels<-" "eval" "eval" "withVisible" "source" 
"levels<-" "eval" "eval" "withVisible" "source" 
"levels<-" "eval" "eval" "withVisible" "source" 
"levels<-" "eval" "eval" "withVisible" "source" 
"levels<-" "eval" "eval" "withVisible" "source" 
"levels<-" "eval" "eval" "withVisible" "source" 
"levels<-" "eval" "eval" "withVisible" "source" 
"levels<-" "eval" "eval" "withVisible" "source" 
"levels<-" "eval" "eval" "withVisible" "source" 
"levels<-" "eval" "eval" "withVisible" "source" 
"levels<-" "eval" "eval" "withVisible" "source" 
"levels<-" "eval" "eval" "withVisible" "source" 
"levels<-" "eval" "eval" "withVisible" "source" 
"levels<-" "eval" "eval" "withVisible" "source" 
"levels<-" "eval" "eval" "withVisible" "source" 
"levels<-" "eval" "eval" "withVisible" "source" 
"levels<-" "eval" "eval" "withVisible" "source" 
"levels<-" "eval" "eval" "withVisible" "source" 
"levels<-" "eval" "eval" "withVisible" "source" 
"levels<-" "eval" "eval" "withVisible" "source" 
"levels<-" "eval" "eval" "withVisible" "source" 
"levels<-" "eval" "eval" "withVisible" "source" 
"levels<-" "eval" "eval" "withVisible" "source" 
"levels<-" "eval" "eval" "withVisible" "source" 
"levels<-" "eval" "eval" "withVisible" "source" 
"levels<-" "eval" "eval" "withVisible" "source" 
"levels<-" "eval" "eval" "withVisible" "source" 
"levels<-" "eval" "eval" "withVisible" "source" 
"levels<-" "eval" "eval" "withVisible" "source" 
"levels<-" "eval" "eval" "withVisible" "source" 
"levels<-" "eval" "eval" "withVisible" "source" 
"levels<-" "eval" "eval" "withVisible" "source" 
"levels<-" "eval" "eval" "withVisible" "source" 
"levels<-" "eval" "eval" "withVisible" "source" 
"levels<-" "eval" "eval" "withVisible" "source" 
"levels<-" "eval" "eval" "withVisible" "source" 
"levels<-" "eval" "eval" "withVisible" "source" 
"leve